INFO: [HLS 200-10] Running '/home/linsun/Xilinx/Vivado_HLS/2017.1/bin/unwrapped/lnx64.o/vivado_hls'
INFO: [HLS 200-10] For user 'linsun' on host 'PC' (Linux_x86_64 version 4.4.0-101-generic) on Fri Nov 24 17:54:26 EST 2017
INFO: [HLS 200-10] On os Ubuntu 16.04.3 LTS
INFO: [HLS 200-10] In directory '/home/linsun/XilinxLab/zedAstroSim'
INFO: [HLS 200-10] Opening project '/home/linsun/XilinxLab/zedAstroSim/zedAstroSim'.
INFO: [HLS 200-10] Opening solution '/home/linsun/XilinxLab/zedAstroSim/zedAstroSim/solution1'.
INFO: [SYN 201-201] Setting up clock 'default' with a period of 10ns.
INFO: [HLS 200-10] Setting target device to 'xczu19eg-ffve1924-3-e-es2'
INFO: [SIM 211-2] *************** CSIM start ***************
INFO: [SIM 211-4] CSIM will launch GCC as the compiler.
   Compiling ../../../../astro_test.cpp in debug mode
   Compiling ../../../../zedAstroSim.cpp in debug mode
   Generating csim.exe
Makefile.rules:349: recipe for target 'csim.exe' failed
obj/zedAstroSim.o:(.data+0x0): multiple definition of `p_int'
obj/astro_test.o:(.data+0x0): first defined here
obj/zedAstroSim.o: In function `oct2Bin':
/home/linsun/Xilinx/Vivado_HLS/2017.1/include/etc/ap_private.h:291: multiple definition of `p'
obj/astro_test.o:/home/linsun/Xilinx/Vivado_HLS/2017.1/include/etc/ap_private.h:291: first defined here
obj/zedAstroSim.o: In function `oct2Bin':
/home/linsun/Xilinx/Vivado_HLS/2017.1/include/etc/ap_private.h:294: multiple definition of `p_mass'
obj/astro_test.o:/home/linsun/Xilinx/Vivado_HLS/2017.1/include/etc/ap_private.h:294: first defined here
collect2: ld returned 1 exit status
make: *** [csim.exe] Error 1
ERROR: [SIM 211-100] 'csim_design' failed: compilation error(s).
INFO: [SIM 211-3] *************** CSIM finish ***************
4
    while executing
"source /home/linsun/XilinxLab/zedAstroSim/zedAstroSim/solution1/csim.tcl"
    invoked from within
"hls::main /home/linsun/XilinxLab/zedAstroSim/zedAstroSim/solution1/csim.tcl"
    ("uplevel" body line 1)
    invoked from within
"uplevel 1 hls::main {*}$args"
    (procedure "hls_proc" line 5)
    invoked from within
"hls_proc $argv"
