INFO: [HLS 200-0] Workspace /home/linsun/XilinxLab/zedAstroSim/zedAstroSim/solution1 opened at Fri Nov 24 17:35:37 EST 2017
INFO: [HLS 200-100] Execute     config_clock -quiet -name default -period 10 -default=false 
INFO: [SYN 201-201] Setting up clock 'default' with a period of 10ns.
INFO: [HLS 200-100] Command     config_clock returned 0; 0 sec.
INFO: [HLS 200-100] Execute     open_platform DefaultPlatform 
INFO: [HLS 200-100] Command     open_platform returned 0; 0 sec.
INFO: [HLS 200-100] Execute     import_lib /home/linsun/Xilinx/Vivado_HLS/2017.1/common/technology/xilinx/zynquplus/zynquplus 
INFO: [HLS 200-100] Execute       source /home/linsun/Xilinx/Vivado_HLS/2017.1/common/technology/xilinx/common/xilinx.lib 
INFO: [HLS 200-100] Execute         source /home/linsun/Xilinx/Vivado_HLS/2017.1/common/technology/xilinx/interface/xilinx_interface.lib 
INFO: [HLS 200-100] Execute           source /home/linsun/Xilinx/Vivado_HLS/2017.1/common/technology/xilinx/interface/plb46.lib 
INFO: [HLS 200-100] Command           ap_source returned 0; 0 sec.
INFO: [HLS 200-100] Execute           source /home/linsun/Xilinx/Vivado_HLS/2017.1/common/technology/xilinx/interface/fsl.lib 
INFO: [HLS 200-100] Command           ap_source returned 0; 0.01 sec.
INFO: [HLS 200-100] Execute           source /home/linsun/Xilinx/Vivado_HLS/2017.1/common/technology/xilinx/interface/axi4.lib 
INFO: [HLS 200-100] Command           ap_source returned 0; 0 sec.
INFO: [HLS 200-100] Execute           source /home/linsun/Xilinx/Vivado_HLS/2017.1/common/technology/xilinx/interface/maxi.lib 
INFO: [HLS 200-100] Command           ap_source returned 0; 0.01 sec.
INFO: [HLS 200-100] Execute           source /home/linsun/Xilinx/Vivado_HLS/2017.1/common/technology/xilinx/interface/saxilite.lib 
INFO: [HLS 200-100] Command           ap_source returned 0; 0 sec.
INFO: [HLS 200-100] Command         ap_source returned 0; 0.03 sec.
INFO: [HLS 200-100] Execute         source /home/linsun/Xilinx/Vivado_HLS/2017.1/common/technology/xilinx/common/dsp48.lib 
INFO: [HLS 200-100] Command         ap_source returned 0; 0 sec.
INFO: [HLS 200-100] Execute         source /home/linsun/Xilinx/Vivado_HLS/2017.1/common/technology/xilinx/ip/xfir.lib 
INFO: [HLS 200-100] Command         ap_source returned 0; 0 sec.
INFO: [HLS 200-100] Execute         source /home/linsun/Xilinx/Vivado_HLS/2017.1/common/technology/xilinx/ip/dds_compiler.lib 
INFO: [HLS 200-100] Command         ap_source returned 0; 0 sec.
INFO: [HLS 200-100] Execute         source /home/linsun/Xilinx/Vivado_HLS/2017.1/common/technology/xilinx/ip/xfft.lib 
INFO: [HLS 200-100] Command         ap_source returned 0; 0 sec.
INFO: [HLS 200-100] Command       ap_source returned 0; 0.06 sec.
INFO: [HLS 200-100] Execute       source /home/linsun/Xilinx/Vivado_HLS/2017.1/common/technology/xilinx/common/xilinx_old.lib 
INFO: [HLS 200-100] Command       ap_source returned 0; 0 sec.
INFO: [HLS 200-100] Execute       source /home/linsun/Xilinx/Vivado_HLS/2017.1/common/technology/xilinx/common/xilinx_vivado.lib 
INFO: [HLS 200-100] Command       ap_source returned 0; 0 sec.
INFO: [HLS 200-100] Execute       source /home/linsun/Xilinx/Vivado_HLS/2017.1/common/technology/xilinx/common/xilinx.hlp 
INFO: [HLS 200-100] Execute         source /home/linsun/Xilinx/Vivado_HLS/2017.1/common/technology/xilinx/common/target_info.tcl 
INFO: [HLS 200-100] Command         ap_source returned 0; 0 sec.
INFO: [HLS 200-100] Execute         source /home/linsun/Xilinx/Vivado_HLS/2017.1/common/technology/xilinx/interface/xilinx_interface.hlp 
INFO: [HLS 200-100] Execute           source /home/linsun/Xilinx/Vivado_HLS/2017.1/common/technology/xilinx/interface/maxi.hlp 
INFO: [HLS 200-100] Command           ap_source returned 0; 0 sec.
INFO: [HLS 200-100] Execute           source /home/linsun/Xilinx/Vivado_HLS/2017.1/common/technology/xilinx/interface/saxilite.hlp 
INFO: [HLS 200-100] Command           ap_source returned 0; 0 sec.
INFO: [HLS 200-100] Command         ap_source returned 0; 0 sec.
INFO: [HLS 200-100] Execute         source /home/linsun/Xilinx/Vivado_HLS/2017.1/common/technology/xilinx/common/dsp48.hlp 
INFO: [HLS 200-100] Command         ap_source returned 0; 0 sec.
INFO: [HLS 200-100] Command       ap_source returned 0; 0 sec.
INFO: [HLS 200-100] Execute       source /home/linsun/Xilinx/Vivado_HLS/2017.1/common/technology/xilinx/zynquplus/dsp48e2.hlp 
INFO: [HLS 200-100] Command       ap_source returned 0; 0 sec.
INFO: [HLS 200-100] Execute       get_default_platform 
INFO: [HLS 200-100] Command       get_default_platform returned 0; 0 sec.
INFO: [HLS 200-100] Execute       config_chip_info -quiet -resource  {SLICE 34260} {LUT 274080}   {FF 548160}  {DSP48E 2520}  {BRAM 1824} {URAM 0}  
INFO: [HLS 200-100] Command       config_chip_info returned 0; 0 sec.
INFO: [HLS 200-100] Execute       config_chip_info -quiet -speed medium 
INFO: [HLS 200-100] Command       config_chip_info returned 0; 0 sec.
INFO: [HLS 200-100] Execute       source /home/linsun/Xilinx/Vivado_HLS/2017.1/common/technology/xilinx/common/xilinx.hlp 
INFO: [HLS 200-100] Execute         source /home/linsun/Xilinx/Vivado_HLS/2017.1/common/technology/xilinx/common/target_info.tcl 
INFO: [HLS 200-100] Command         ap_source returned 0; 0 sec.
INFO: [HLS 200-100] Execute         source /home/linsun/Xilinx/Vivado_HLS/2017.1/common/technology/xilinx/interface/xilinx_interface.hlp 
INFO: [HLS 200-100] Execute           source /home/linsun/Xilinx/Vivado_HLS/2017.1/common/technology/xilinx/interface/maxi.hlp 
INFO: [HLS 200-100] Command           ap_source returned 0; 0 sec.
INFO: [HLS 200-100] Execute           source /home/linsun/Xilinx/Vivado_HLS/2017.1/common/technology/xilinx/interface/saxilite.hlp 
INFO: [HLS 200-100] Command           ap_source returned 0; 0 sec.
INFO: [HLS 200-100] Command         ap_source returned 0; 0 sec.
INFO: [HLS 200-100] Execute         source /home/linsun/Xilinx/Vivado_HLS/2017.1/common/technology/xilinx/common/dsp48.hlp 
INFO: [HLS 200-100] Command         ap_source returned 0; 0 sec.
INFO: [HLS 200-100] Command       ap_source returned 0; 0 sec.
INFO: [HLS 200-100] Command     import_lib returned 0; 0.08 sec.
INFO: [HLS 200-100] Execute     source /home/linsun/Xilinx/Vivado_HLS/2017.1/common/technology/xilinx/zynquplus/zynquplus.gen 
INFO: [HLS 200-100] Execute       source /home/linsun/Xilinx/Vivado_HLS/2017.1/common/technology/xilinx/common/virtex.gen 
INFO: [HLS 200-100] Execute         source /home/linsun/Xilinx/Vivado_HLS/2017.1/common/technology/xilinx/common/xilinx.gen 
INFO: [HLS 200-100] Execute           source /home/linsun/Xilinx/Vivado_HLS/2017.1/common/technology/xilinx/interface/plb46.gen 
INFO: [HLS 200-100] Command           ap_source returned 0; 0 sec.
INFO: [HLS 200-100] Execute           source /home/linsun/Xilinx/Vivado_HLS/2017.1/common/technology/xilinx/interface/fsl.gen 
INFO: [HLS 200-100] Command           ap_source returned 0; 0.01 sec.
INFO: [HLS 200-100] Execute           source /home/linsun/Xilinx/Vivado_HLS/2017.1/common/technology/xilinx/interface/axi4.gen 
INFO: [HLS 200-100] Command           ap_source returned 0; 0 sec.
INFO: [HLS 200-100] Execute           source /home/linsun/Xilinx/Vivado_HLS/2017.1/common/technology/xilinx/interface/nativeAXI4.gen 
INFO: [HLS 200-100] Execute             source /home/linsun/Xilinx/Vivado_HLS/2017.1/common/technology/xilinx/interface/saxilite.gen 
INFO: [HLS 200-100] Command             ap_source returned 0; 0 sec.
INFO: [HLS 200-100] Execute             source /home/linsun/Xilinx/Vivado_HLS/2017.1/common/technology/xilinx/interface/maxi.gen 
INFO: [HLS 200-100] Command             ap_source returned 0; 0.01 sec.
INFO: [HLS 200-100] Command           ap_source returned 0; 0.02 sec.
INFO: [HLS 200-100] Execute           source /home/linsun/Xilinx/Vivado_HLS/2017.1/common/technology/xilinx/scripts/xilinxcoregen.gen 
INFO: [HLS 200-100] Command           ap_source returned 0; 0 sec.
INFO: [HLS 200-100] Execute           source /home/linsun/Xilinx/Vivado_HLS/2017.1/common/technology/xilinx/interface/XilEDKCoreGen.gen 
INFO: [HLS 200-100] Command           ap_source returned 0; 0.01 sec.
INFO: [HLS 200-100] Execute           source /home/linsun/Xilinx/Vivado_HLS/2017.1/common/technology/xilinx/ip/xfir.gen 
INFO: [HLS 200-100] Command           ap_source returned 0; 0 sec.
INFO: [HLS 200-100] Execute           source /home/linsun/Xilinx/Vivado_HLS/2017.1/common/technology/xilinx/ip/dds_compiler.gen 
INFO: [HLS 200-100] Command           ap_source returned 0; 0.01 sec.
INFO: [HLS 200-100] Execute           source /home/linsun/Xilinx/Vivado_HLS/2017.1/common/technology/xilinx/ip/util.gen 
INFO: [HLS 200-100] Command           ap_source returned 0; 0 sec.
INFO: [HLS 200-100] Execute           source /home/linsun/Xilinx/Vivado_HLS/2017.1/common/technology/xilinx/ip/xfft.gen 
INFO: [HLS 200-100] Command           ap_source returned 0; 0.06 sec.
INFO: [HLS 200-100] Command         ap_source returned 0; 0.11 sec.
INFO: [HLS 200-100] Execute         source /home/linsun/Xilinx/Vivado_HLS/2017.1/common/technology/xilinx/common/dsp48.gen 
INFO: [HLS 200-100] Command         ap_source returned 0; 0 sec.
INFO: [HLS 200-100] Command       ap_source returned 0; 0.12 sec.
INFO: [HLS 200-100] Command     ap_source returned 0; 0.12 sec.
INFO: [HLS 200-100] Execute     open_platform DefaultPlatform 
INFO: [HLS 200-100] Command     open_platform returned 0; 0 sec.
INFO: [HLS 200-100] Execute     import_lib /home/linsun/Xilinx/Vivado_HLS/2017.1/common/technology/xilinx/zynquplus/zynquplus_fpv7 
INFO: [HLS 200-100] Execute       source /home/linsun/Xilinx/Vivado_HLS/2017.1/common/technology/xilinx/common/xilinx_fpv7.lib 
INFO: [HLS 200-100] Execute         source /home/linsun/Xilinx/Vivado_HLS/2017.1/common/technology/xilinx/common/xilinx_hp.lib 
INFO: [HLS 200-100] Command         ap_source returned 0; 0 sec.
INFO: [HLS 200-100] Command       ap_source returned 0; 0.01 sec.
INFO: [HLS 200-100] Execute       source /home/linsun/Xilinx/Vivado_HLS/2017.1/common/technology/xilinx/common/xilinx_fpv.hlp 
INFO: [HLS 200-100] Execute         source /home/linsun/Xilinx/Vivado_HLS/2017.1/common/technology/xilinx/common/xilinx.hlp 
INFO: [HLS 200-100] Execute           source /home/linsun/Xilinx/Vivado_HLS/2017.1/common/technology/xilinx/common/target_info.tcl 
INFO: [HLS 200-100] Command           ap_source returned 0; 0 sec.
INFO: [HLS 200-100] Execute           source /home/linsun/Xilinx/Vivado_HLS/2017.1/common/technology/xilinx/interface/xilinx_interface.hlp 
INFO: [HLS 200-100] Execute             source /home/linsun/Xilinx/Vivado_HLS/2017.1/common/technology/xilinx/interface/maxi.hlp 
INFO: [HLS 200-100] Command             ap_source returned 0; 0 sec.
INFO: [HLS 200-100] Execute             source /home/linsun/Xilinx/Vivado_HLS/2017.1/common/technology/xilinx/interface/saxilite.hlp 
INFO: [HLS 200-100] Command             ap_source returned 0; 0 sec.
INFO: [HLS 200-100] Command           ap_source returned 0; 0 sec.
INFO: [HLS 200-100] Execute           source /home/linsun/Xilinx/Vivado_HLS/2017.1/common/technology/xilinx/common/dsp48.hlp 
INFO: [HLS 200-100] Command           ap_source returned 0; 0 sec.
INFO: [HLS 200-100] Command         ap_source returned 0; 0 sec.
INFO: [HLS 200-100] Command       ap_source returned 0; 0.01 sec.
INFO: [HLS 200-100] Execute       source /home/linsun/Xilinx/Vivado_HLS/2017.1/common/technology/xilinx/zynquplus/zynquplus_hp.hlp 
INFO: [HLS 200-100] Command       ap_source returned 0; 0 sec.
INFO: [HLS 200-100] Command     import_lib returned 0; 0.03 sec.
INFO: [HLS 200-100] Execute     source /home/linsun/Xilinx/Vivado_HLS/2017.1/common/technology/xilinx/zynquplus/zynquplus_fpv7.gen 
INFO: [HLS 200-100] Execute       source /home/linsun/Xilinx/Vivado_HLS/2017.1/common/technology/xilinx/common/xilinx_fpv6.gen 
INFO: [HLS 200-100] Command       ap_source returned 0; 0 sec.
INFO: [HLS 200-100] Command     ap_source returned 0; 0 sec.
INFO: [HLS 200-100] Execute     set_part xczu19eg-ffve1924-3-e-es2 
INFO: [HLS 200-100] Execute       add_library xilinx/zynquplus/zynquplus:xczu19eg:-ffve1924:-3-e-es2 
INFO: [HLS 200-100] Execute         get_default_platform 
INFO: [HLS 200-100] Command         get_default_platform returned 0; 0 sec.
INFO: [HLS 200-100] Execute         license_isbetapart xczu19eg-es2 
INFO: [HLS 200-100] Command         license_isbetapart returned 1; 0.11 sec.
INFO: [HLS 200-100] Execute         get_default_platform 
INFO: [HLS 200-100] Command         get_default_platform returned 0; 0 sec.
INFO: [HLS 200-100] Execute         config_chip_info -quiet -resource  {SLICE 65340} {LUT 522720}   {FF 1045440} {DSP48E 1968}  {BRAM 1968} {URAM 128}  
INFO: [HLS 200-100] Command         config_chip_info returned 0; 0 sec.
INFO: [HLS 200-100] Execute         config_chip_info -quiet -speed fast 
INFO: [HLS 200-100] Command         config_chip_info returned 0; 0 sec.
INFO: [HLS 200-100] Command       add_library returned 0; 0.12 sec.
INFO: [HLS 200-100] Execute       add_library xilinx/zynquplus/zynquplus_fpv7 
INFO: [HLS 200-100] Execute         get_default_platform 
INFO: [HLS 200-100] Command         get_default_platform returned 0; 0 sec.
INFO: [HLS 200-100] Command       add_library returned 0; 0 sec.
INFO: [HLS 200-10] Setting target device to 'xczu19eg-ffve1924-3-e-es2'
INFO: [HLS 200-100] Execute       get_default_platform 
INFO: [HLS 200-100] Command       get_default_platform returned 0; 0 sec.
INFO: [HLS 200-100] Command     set_part returned 0; 0.18 sec.
INFO: [HLS 200-100] Execute     get_default_platform 
INFO: [HLS 200-100] Command     get_default_platform returned 0; 0 sec.
INFO: [HLS 200-100] Execute     config_chip_info -quiet -resource  {SLICE 65340} {LUT 522720}   {FF 1045440} {DSP48E 1968}  {BRAM 1968} {URAM 128}  
INFO: [HLS 200-100] Command     config_chip_info returned 0; 0 sec.
INFO: [HLS 200-100] Execute     config_chip_info -quiet -speed fast 
INFO: [HLS 200-100] Command     config_chip_info returned 0; 0 sec.
INFO: [HLS 200-100] Command   open_solution returned 0; 0.44 sec.
INFO: [HLS 200-100] Execute   set_part xczu19eg-ffve1924-3-e-es2 -tool vivado 
INFO: [HLS 200-100] Execute     add_library xilinx/zynquplus/zynquplus:xczu19eg:-ffve1924:-3-e-es2 
INFO: [HLS 200-100] Execute       get_default_platform 
INFO: [HLS 200-100] Command       get_default_platform returned 0; 0 sec.
INFO: [HLS 200-100] Execute       license_isbetapart xczu19eg-es2 
INFO: [HLS 200-100] Command       license_isbetapart returned 1; 0 sec.
INFO: [HLS 200-100] Execute       get_default_platform 
INFO: [HLS 200-100] Command       get_default_platform returned 0; 0 sec.
INFO: [HLS 200-100] Execute       config_chip_info -quiet -resource  {SLICE 65340} {LUT 522720}   {FF 1045440} {DSP48E 1968}  {BRAM 1968} {URAM 128}  
INFO: [HLS 200-100] Command       config_chip_info returned 0; 0 sec.
INFO: [HLS 200-100] Execute       config_chip_info -quiet -speed fast 
INFO: [HLS 200-100] Command       config_chip_info returned 0; 0 sec.
INFO: [HLS 200-100] Command     add_library returned 0; 0 sec.
INFO: [HLS 200-100] Execute     add_library xilinx/zynquplus/zynquplus_fpv7 
INFO: [HLS 200-100] Execute       get_default_platform 
INFO: [HLS 200-100] Command       get_default_platform returned 0; 0 sec.
INFO: [HLS 200-100] Command     add_library returned 0; 0 sec.
INFO: [HLS 200-100] Execute     get_default_platform 
INFO: [HLS 200-100] Command     get_default_platform returned 0; 0 sec.
INFO: [HLS 200-100] Command   set_part returned 0; 0.03 sec.
INFO: [HLS 200-100] Execute   create_clock -period 10 -name default 
INFO: [HLS 200-100] Command   create_clock returned 0; 0.01 sec.
INFO: [HLS 200-100] Execute   csynth_design 
INFO: [HLS 200-100] Execute     elaborate -effort=medium -skip_syncheck=0 -keep_printf=0 -lm=0 -skip_cdt=0 -skip_transform=0 -ng=0 -g=0 -opt_fp=0 
INFO: [HLS 200-10] Analyzing design file 'zedAstroSim.cpp' ... 
INFO: [HLS 200-0] Compiling one TU...
INFO: [HLS 200-100] Execute       is_m_axi_addr64 
INFO: [HLS 200-100] Command       is_m_axi_addr64 returned 0; 0 sec.
INFO: [HLS 200-0] Handling zedAstroSim.cpp as C++
INFO: [HLS 200-0] Syntax Checking before pre-processing...
INFO: [HLS 200-100] Execute       clang  -fno-limit-debug-info -gcc-toolchain "/home/linsun/Xilinx/Vivado_HLS/2017.1/lnx64/tools/gcc" -hls    -fno-math-errno -c -emit-llvm -O0  -mllvm -disable-llvm-optzns -fno-threadsafe-statics  -fno-use-cxa-atexit  -fno-threadsafe-statics -fno-use-cxa-atexit -D__CLANG_3_1__   -I "/home/linsun/Xilinx/Vivado_HLS/2017.1/lnx64/tools/systemc/include" -I "/home/linsun/Xilinx/Vivado_HLS/2017.1/include" -I "/home/linsun/Xilinx/Vivado_HLS/2017.1/include/ap_sysc" -fexceptions -I "/home/linsun/Xilinx/Vivado_HLS/2017.1/common/technology/autopilot" -include etc/autopilot_ssdm_op.h "zedAstroSim.cpp"  -o "/home/linsun/XilinxLab/zedAstroSim/zedAstroSim/solution1/.autopilot/db/zedAstroSim.pp.00.o" 
INFO: [HLS 200-0] exec clang -fno-limit-debug-info -gcc-toolchain /home/linsun/Xilinx/Vivado_HLS/2017.1/lnx64/tools/gcc -hls -fno-math-errno -c -emit-llvm -O0 -mllvm -disable-llvm-optzns -fno-threadsafe-statics -fno-use-cxa-atexit -fno-threadsafe-statics -fno-use-cxa-atexit -D__CLANG_3_1__ -I /home/linsun/Xilinx/Vivado_HLS/2017.1/lnx64/tools/systemc/include -I /home/linsun/Xilinx/Vivado_HLS/2017.1/include -I /home/linsun/Xilinx/Vivado_HLS/2017.1/include/ap_sysc -fexceptions -I /home/linsun/Xilinx/Vivado_HLS/2017.1/common/technology/autopilot -include etc/autopilot_ssdm_op.h zedAstroSim.cpp -o /home/linsun/XilinxLab/zedAstroSim/zedAstroSim/solution1/.autopilot/db/zedAstroSim.pp.00.o
INFO: [HLS 200-100] Command       clang returned 0; 38.92 sec.
INFO: [HLS 200-100] Execute       is_encrypted /home/linsun/XilinxLab/zedAstroSim/zedAstroSim/solution1/.autopilot/db/zedAstroSim.pp.00.o 
INFO: [HLS 200-100] Command       is_encrypted returned 0; 0 sec.
INFO: [HLS 200-0] Source preprocessing
INFO: [HLS 200-100] Execute       clang  -fno-limit-debug-info -gcc-toolchain "/home/linsun/Xilinx/Vivado_HLS/2017.1/lnx64/tools/gcc" -hls -fno-exceptions  -D__llvm__  -CC -E "zedAstroSim.cpp"     -fno-math-errno -c -emit-llvm -O0  -mllvm -disable-llvm-optzns -fno-threadsafe-statics  -fno-use-cxa-atexit  -fno-threadsafe-statics -fno-use-cxa-atexit -D__CLANG_3_1__ -DAESL_SYN -D__SYNTHESIS__ -D__HLS_SYN__ -I "/home/linsun/Xilinx/Vivado_HLS/2017.1/common/technology/autopilot" -I "/home/linsun/Xilinx/Vivado_HLS/2017.1/common/technology/autopilot/ap_sysc" -include etc/autopilot_ssdm_op.h  -o "/home/linsun/XilinxLab/zedAstroSim/zedAstroSim/solution1/.autopilot/db/zedAstroSim.pp.0.cpp" 
INFO: [HLS 200-0] exec clang -fno-limit-debug-info -gcc-toolchain /home/linsun/Xilinx/Vivado_HLS/2017.1/lnx64/tools/gcc -hls -fno-exceptions -D__llvm__ -CC -E zedAstroSim.cpp -fno-math-errno -c -emit-llvm -O0 -mllvm -disable-llvm-optzns -fno-threadsafe-statics -fno-use-cxa-atexit -fno-threadsafe-statics -fno-use-cxa-atexit -D__CLANG_3_1__ -DAESL_SYN -D__SYNTHESIS__ -D__HLS_SYN__ -I /home/linsun/Xilinx/Vivado_HLS/2017.1/common/technology/autopilot -I /home/linsun/Xilinx/Vivado_HLS/2017.1/common/technology/autopilot/ap_sysc -include etc/autopilot_ssdm_op.h -o /home/linsun/XilinxLab/zedAstroSim/zedAstroSim/solution1/.autopilot/db/zedAstroSim.pp.0.cpp
INFO: [HLS 200-100] Command       clang returned 0; 0.28 sec.
INFO: [HLS 200-0] GCC PP time: 0 seconds per iteration
INFO: [HLS 200-100] Execute       list_core -type functional_unit 
INFO: [HLS 200-100] Command       list_core returned 0; 0 sec.
INFO: [HLS 200-0] CDT Preprocessing...
INFO: [HLS 200-0] Marker-Pragma convertor: /home/linsun/XilinxLab/zedAstroSim/zedAstroSim/solution1/.autopilot/db/zedAstroSim.pp.0.cpp /home/linsun/XilinxLab/zedAstroSim/zedAstroSim/solution1/.autopilot/db/zedAstroSim.pp.0.cpp.ap-line.cpp /home/linsun/XilinxLab/zedAstroSim/zedAstroSim/solution1/.autopilot/db/zedAstroSim.pp.0.cpp.ap-line.cpp.CXX 1
INFO: [HLS 200-0] Converting Markers to Pragmas...
INFO: [HLS 200-100] Execute       cdt  "/home/linsun/XilinxLab/zedAstroSim/zedAstroSim/solution1/.autopilot/db/zedAstroSim.pp.0.cpp.ap-line.cpp"  -m "astroSim" -o "/home/linsun/XilinxLab/zedAstroSim/zedAstroSim/solution1/.autopilot/db/zedAstroSim.pp.0.cpp.ap-cdt.cpp" --pp --directive /home/linsun/XilinxLab/zedAstroSim/zedAstroSim/solution1/solution1.directive --source /home/linsun/XilinxLab/zedAstroSim/zedAstroSim.cpp --error /home/linsun/XilinxLab/zedAstroSim/zedAstroSim/solution1/.autopilot/db --funcunit "AddSub AddSub_DSP AddSubnS DAddSub_fulldsp DAddSub_nodsp DDiv DExp_fulldsp DExp_meddsp DExp_nodsp DLog_fulldsp DLog_meddsp DLog_nodsp DMul_fulldsp DMul_maxdsp DMul_meddsp DMul_nodsp DRSqrt DRecip DSqrt DivnS FAddSub_fulldsp FAddSub_nodsp FDiv FExp_fulldsp FExp_meddsp FExp_nodsp FLog_fulldsp FLog_meddsp FLog_nodsp FMul_fulldsp FMul_maxdsp FMul_meddsp FMul_nodsp FRSqrt_fulldsp FRSqrt_nodsp FRecip_fulldsp FRecip_nodsp FSqrt HAddSub_fulldsp HAddSub_meddsp HAddSub_nodsp HDiv HMul_fulldsp HMul_maxdsp HMul_nodsp HSqrt Mul Mul2S Mul3S Mul4S Mul5S Mul6S Mul_LUT MulnS MuxnS" --ve --vetcl /home/linsun/XilinxLab/zedAstroSim/zedAstroSim/solution1/.autopilot/db --ca --es --gf --pd --p2d /home/linsun/XilinxLab/zedAstroSim/zedAstroSim/solution1/.autopilot/db --sd --scff /home/linsun/XilinxLab/zedAstroSim/zedAstroSim/solution1/.autopilot/db/.systemc_flag --ad 
INFO: [HLS 200-0] Error:Syntax error in source:for (__decltype(__n + 0) __niter = __n;
Error:Missing ; in source:t
Error:Syntax error in source:)
 *__first = __value;
Error:Syntax error in source:for (__decltype(__n + 0) __niter = __n;
Error:Missing ; in source:t
Error:Syntax error in source:)
 *__first = __tmp;
INFO: [HLS 200-100] Command       cdt returned 0; 17.08 sec.
INFO: [HLS 200-0] Marker-Pragma convertor: /home/linsun/XilinxLab/zedAstroSim/zedAstroSim/solution1/.autopilot/db/zedAstroSim.pp.0.cpp.ap-cdt.cpp /home/linsun/XilinxLab/zedAstroSim/zedAstroSim/solution1/.autopilot/db/zedAstroSim.pragma.0.cpp /home/linsun/XilinxLab/zedAstroSim/zedAstroSim/solution1/.autopilot/db/zedAstroSim.pragma.0.cpp.ap-line.CXX 0
INFO: [HLS 200-0] Converting Pragmas to Markers...
INFO: [HLS 200-100] Execute       source /home/linsun/XilinxLab/zedAstroSim/zedAstroSim/solution1/.autopilot/db/pragma.status.tcl 
INFO: [HLS 200-100] Command       ap_source returned 0; 0 sec.
INFO: [HLS 200-0] Pragma Handling...
INFO: [HLS 200-0] Source preprocessing
INFO: [HLS 200-100] Execute       clang  -fno-limit-debug-info -gcc-toolchain "/home/linsun/Xilinx/Vivado_HLS/2017.1/lnx64/tools/gcc" -hls -fno-exceptions  -D__llvm__  -CC -E "/home/linsun/XilinxLab/zedAstroSim/zedAstroSim/solution1/.autopilot/db/zedAstroSim.pragma.1.cpp"     -fno-math-errno -c -emit-llvm -O0  -mllvm -disable-llvm-optzns -fno-threadsafe-statics  -fno-use-cxa-atexit  -fno-threadsafe-statics -fno-use-cxa-atexit -D__CLANG_3_1__ -DAESL_SYN -D__SYNTHESIS__ -D__HLS_SYN__ -I "/home/linsun/Xilinx/Vivado_HLS/2017.1/common/technology/autopilot" -I "/home/linsun/Xilinx/Vivado_HLS/2017.1/common/technology/autopilot/ap_sysc" -include etc/autopilot_ssdm_op.h  -o "/home/linsun/XilinxLab/zedAstroSim/zedAstroSim/solution1/.autopilot/db/zedAstroSim.pragma.2.cpp" 
INFO: [HLS 200-0] exec clang -fno-limit-debug-info -gcc-toolchain /home/linsun/Xilinx/Vivado_HLS/2017.1/lnx64/tools/gcc -hls -fno-exceptions -D__llvm__ -CC -E /home/linsun/XilinxLab/zedAstroSim/zedAstroSim/solution1/.autopilot/db/zedAstroSim.pragma.1.cpp -fno-math-errno -c -emit-llvm -O0 -mllvm -disable-llvm-optzns -fno-threadsafe-statics -fno-use-cxa-atexit -fno-threadsafe-statics -fno-use-cxa-atexit -D__CLANG_3_1__ -DAESL_SYN -D__SYNTHESIS__ -D__HLS_SYN__ -I /home/linsun/Xilinx/Vivado_HLS/2017.1/common/technology/autopilot -I /home/linsun/Xilinx/Vivado_HLS/2017.1/common/technology/autopilot/ap_sysc -include etc/autopilot_ssdm_op.h -o /home/linsun/XilinxLab/zedAstroSim/zedAstroSim/solution1/.autopilot/db/zedAstroSim.pragma.2.cpp
INFO: [HLS 200-100] Command       clang returned 0; 0.08 sec.
INFO: [HLS 200-0] Processing labels
INFO: [HLS 200-100] Execute       clang  -fno-limit-debug-info -gcc-toolchain /home/linsun/Xilinx/Vivado_HLS/2017.1/lnx64/tools/gcc -hls -hls-analyze-label -hls-analyze-pragma -fno-exceptions  -D__llvm__  -w  "/home/linsun/XilinxLab/zedAstroSim/zedAstroSim/solution1/.autopilot/db/zedAstroSim.pragma.2.cpp"    -fno-math-errno -c -emit-llvm -O0  -mllvm -disable-llvm-optzns -fno-threadsafe-statics  -fno-use-cxa-atexit -DAESL_SYN -D__SYNTHESIS__ -D__HLS_SYN__ -I "/home/linsun/Xilinx/Vivado_HLS/2017.1/common/technology/autopilot" -I "/home/linsun/Xilinx/Vivado_HLS/2017.1/common/technology/autopilot/ap_sysc" -include etc/autopilot_ssdm_op.h -g -o "/home/linsun/XilinxLab/zedAstroSim/zedAstroSim/solution1/.autopilot/db/zedAstroSim.g.bc" 
INFO: [HLS 200-0] exec clang -fno-limit-debug-info -gcc-toolchain /home/linsun/Xilinx/Vivado_HLS/2017.1/lnx64/tools/gcc -hls -hls-analyze-label -hls-analyze-pragma -fno-exceptions -D__llvm__ -w /home/linsun/XilinxLab/zedAstroSim/zedAstroSim/solution1/.autopilot/db/zedAstroSim.pragma.2.cpp -fno-math-errno -c -emit-llvm -O0 -mllvm -disable-llvm-optzns -fno-threadsafe-statics -fno-use-cxa-atexit -DAESL_SYN -D__SYNTHESIS__ -D__HLS_SYN__ -I /home/linsun/Xilinx/Vivado_HLS/2017.1/common/technology/autopilot -I /home/linsun/Xilinx/Vivado_HLS/2017.1/common/technology/autopilot/ap_sysc -include etc/autopilot_ssdm_op.h -g -o /home/linsun/XilinxLab/zedAstroSim/zedAstroSim/solution1/.autopilot/db/zedAstroSim.g.bc
INFO: [HLS 200-100] Command       clang returned 0; 13.94 sec.
INFO: [HLS 200-100] Execute       source /home/linsun/XilinxLab/zedAstroSim/zedAstroSim/solution1/.autopilot/db/ve_warning.tcl 
INFO: [HLS 200-100] Command       ap_source returned 0; 0 sec.
INFO: [HLS 200-10] Validating synthesis directives ...
INFO: [HLS 200-100] Execute       source /home/linsun/XilinxLab/zedAstroSim/zedAstroSim/solution1/.autopilot/db/pragma.status.tcl 
INFO: [HLS 200-100] Command       ap_source returned 0; 0 sec.
INFO: [HLS 200-111] Finished Checking Pragmas Time (s): cpu = 00:01:44 ; elapsed = 00:01:13 . Memory (MB): peak = 348.109 ; gain = 12.586 ; free physical = 2885 ; free virtual = 10672
INFO: [HLS 200-0] Linking Release ...
INFO: [HLS 200-100] Execute       llvm-ld /home/linsun/XilinxLab/zedAstroSim/zedAstroSim/solution1/.autopilot/db/zedAstroSim.bc -disable-opt -L/home/linsun/Xilinx/Vivado_HLS/2017.1/lnx64/lib -lm_basic -o /home/linsun/XilinxLab/zedAstroSim/zedAstroSim/solution1/.autopilot/db/a.o 
INFO: [HLS 200-100] Command       llvm-ld returned 0; 2.24 sec.
INFO: [HLS 200-100] Execute       disassemble /home/linsun/XilinxLab/zedAstroSim/zedAstroSim/solution1/.autopilot/db/a.o /home/linsun/XilinxLab/zedAstroSim/zedAstroSim/solution1/.autopilot/db/a.o 
INFO: [HLS 200-100] Execute         is_encrypted /home/linsun/XilinxLab/zedAstroSim/zedAstroSim/solution1/.autopilot/db/a.o.bc 
INFO: [HLS 200-100] Command         is_encrypted returned 0; 0 sec.
INFO: [HLS 200-100] Command       disassemble returned 0; 1.24 sec.
INFO: [HLS 200-0] Disassemble time: 1 seconds per iteration
INFO: [HLS 200-0] Linking Debug ...
INFO: [HLS 200-100] Execute       llvm-ld /home/linsun/XilinxLab/zedAstroSim/zedAstroSim/solution1/.autopilot/db/zedAstroSim.g.bc -disable-opt -L/home/linsun/Xilinx/Vivado_HLS/2017.1/lnx64/lib -lm_basic -o /home/linsun/XilinxLab/zedAstroSim/zedAstroSim/solution1/.autopilot/db/a.g 
INFO: [HLS 200-100] Command       llvm-ld returned 0; 2.08 sec.
INFO: [HLS 200-100] Execute       disassemble /home/linsun/XilinxLab/zedAstroSim/zedAstroSim/solution1/.autopilot/db/a.g /home/linsun/XilinxLab/zedAstroSim/zedAstroSim/solution1/.autopilot/db/a.g 
INFO: [HLS 200-100] Execute         is_encrypted /home/linsun/XilinxLab/zedAstroSim/zedAstroSim/solution1/.autopilot/db/a.g.bc 
INFO: [HLS 200-100] Command         is_encrypted returned 0; 0 sec.
INFO: [HLS 200-100] Command       disassemble returned 0; 1.24 sec.
INFO: [HLS 200-0] Disassemble time: 1 seconds per iteration
INFO: [HLS 200-111] Finished Linking Time (s): cpu = 00:01:51 ; elapsed = 00:01:20 . Memory (MB): peak = 348.109 ; gain = 12.586 ; free physical = 2715 ; free virtual = 10683
INFO: [HLS 200-100] Execute       opt_and_import_c a -opt_level=2 -skip_syncheck=0 -ng=0 -keep_printf=0 
INFO: [HLS 200-100] Execute         cleanup_all_models 
INFO: [HLS 200-100] Command         cleanup_all_models returned 0; 0 sec.
INFO: [HLS 200-10] Starting code transformations ...
INFO: [HLS 200-100] Execute         transform -promote-dbg-pointer /home/linsun/XilinxLab/zedAstroSim/zedAstroSim/solution1/.autopilot/db/a.pp.bc -o /home/linsun/XilinxLab/zedAstroSim/zedAstroSim/solution1/.autopilot/db/a.pp.0.bc -f 
INFO: [HLS 200-100] Command         transform returned 0; 0.95 sec.
INFO: [HLS 200-100] Execute         llvm-ld /home/linsun/XilinxLab/zedAstroSim/zedAstroSim/solution1/.autopilot/db/a.pp.0.bc -disable-opt -L/home/linsun/Xilinx/Vivado_HLS/2017.1/lnx64/lib -lfloatconversion -o /home/linsun/XilinxLab/zedAstroSim/zedAstroSim/solution1/.autopilot/db/a.g.0 
INFO: [HLS 200-100] Command         llvm-ld returned 0; 6.76 sec.
INFO: [HLS 200-0] Running Standard Transforms...
INFO: [HLS 200-100] Execute         transform -hls -share-std-xform -demangle-name -inline-byval-memcpy -always-inline -promote-dbg-pointer -interface-preproc -scalarrepl -mem2reg -keep-read-access -instcombine -dce -promote-dbg-pointer -bitop-raise -loop-simplify -indvarspre -indvars -loop-simplify -xunroll -constprop -instcombine -simplifycfg -indvars -simplifycfg -dce -globaldce -basicaa -simplifycfg -mem2reg -globalopt -global-constprop -deadargelim -instcombine -simplifycfg -prune-eh -simplifycfg -scalarrepl -instcombine -reassociate -licm -simplifycfg -loop-simplify -indvars -instcombine -simplifycfg -mem2reg -loop-simplify -indvars -instcombine -gvn -gvn -instcombine -adce -break-crit-edges -simplifycfg -loop-delete -global-array-opt -dce -dse -adce -find-syn-modules -top astroSim -deadargelim -mem2reg -instcombine -dce -presyn-prepare -auto-rom-infer -interface-preproc -syn-check -check-rec-only -find-region -simplifycfg -func-extr -function-inline -globaldce -mem2reg -instcombine -dce -gvn -globaldce -adce -adse -constprop -instcombine -bit-constprop -instcombine -dce -simplifycfg -bitop-raise -simplifycfg -dce -loop-delete -reassociate -globalopt -global-privatize -mem2reg -dce -global-constprop -pointer-simplify -constprop -dce -func-inst -deadargelim -auto-shift-reg-idiom -promote-dbg-pointer -norm-name /home/linsun/XilinxLab/zedAstroSim/zedAstroSim/solution1/.autopilot/db/a.g.0.bc -o /home/linsun/XilinxLab/zedAstroSim/zedAstroSim/solution1/.autopilot/db/a.g.1.bc -f -phase std-opt 
INFO: [XFORM 203-603] Inlining function 'ap_fixed_base<169, 116, false, (ap_q_mode)5, (ap_o_mode)3, 0>::operator<<' into 'hls::cast_IEEE754<long, (ap_q_mode)6, double>' (/wrk/2017.1/nightly/2017_04_14_1846317/src/products/hls/hls_lib/src/hls/hls_round.h:441).
INFO: [XFORM 203-603] Inlining function 'ap_fixed_base<1, 64, false, (ap_q_mode)5, (ap_o_mode)0, 0>::overflow_adjust' into 'ap_fixed_base<1, 64, false, (ap_q_mode)5, (ap_o_mode)0, 0>::ap_fixed_base<169, 116, false, (ap_q_mode)5, (ap_o_mode)3, 0>' ().
INFO: [HLS 200-100] Command         transform returned 0; 8.8 sec.
INFO: [HLS 200-100] Execute         disassemble /home/linsun/XilinxLab/zedAstroSim/zedAstroSim/solution1/.autopilot/db/a.g.1 /home/linsun/XilinxLab/zedAstroSim/zedAstroSim/solution1/.autopilot/db/a.g.1 
INFO: [HLS 200-100] Execute           is_encrypted /home/linsun/XilinxLab/zedAstroSim/zedAstroSim/solution1/.autopilot/db/a.g.1.bc 
INFO: [HLS 200-100] Command           is_encrypted returned 0; 0 sec.
INFO: [HLS 200-100] Command         disassemble returned 0; 2.34 sec.
INFO: [HLS 200-111] Finished Standard Transforms Time (s): cpu = 00:02:09 ; elapsed = 00:01:39 . Memory (MB): peak = 1064.594 ; gain = 729.070 ; free physical = 1866 ; free virtual = 10039
INFO: [HLS 200-10] Checking synthesizability ...
INFO: [HLS 200-0] Checking Synthesizability 1/2..
INFO: [HLS 200-100] Execute         transform -hls -syn-check -check-rec-only -disaggr -scalarrepl -norm-name -dce -mem2reg -instcombine -function-uniquify -directive-preproc -mem2reg -dse -dce -auto-rom-infer -dce -array-normalize -instcombine -dce -warn-fifo-pointer -array-seg-normalize -instcombine -dce -array-flatten -instcombine -dce -array-burst -dce -deadargelim -promote-global-argument -simplifycfg -mem2reg -globaldce -resolve-double-ptr -dce -deadargelim -dce -instcombine -function-inline -globaldce -dce -doublePtrSimplify -doublePtrElim -dce -doublePtrSimplify -promote-dbg-pointer -dce -scalarrepl -dse -adse -instcombine -ptrLegalization -simplifycfg -dce -instcombine -pointer-simplify -ptrArgReplace -dce -instcombine -disaggr -scalarrepl -norm-name -dce -mem2reg -instcombine -ptrLegalization -simplifycfg -deadargelim -instcombine -dce -inst-simplify -function-uniquify -directive-preproc -mem2reg -dse -dce -globaldce /home/linsun/XilinxLab/zedAstroSim/zedAstroSim/solution1/.autopilot/db/a.g.1.bc -o /home/linsun/XilinxLab/zedAstroSim/zedAstroSim/solution1/.autopilot/db/a.g.2.prechk.bc -f 
INFO: [XFORM 203-602] Inlining function 'fp_struct<double>::mantissa' into 'hls::cast_IEEE754<long, (ap_q_mode)6, double>' (/wrk/2017.1/nightly/2017_04_14_1846317/src/products/hls/hls_lib/src/hls/hls_round.h:438) automatically.
INFO: [XFORM 203-602] Inlining function 'fp_struct<double>::expv' into 'hls::cast_IEEE754<long, (ap_q_mode)6, double>' (/wrk/2017.1/nightly/2017_04_14_1846317/src/products/hls/hls_lib/src/hls/hls_round.h:441) automatically.
INFO: [XFORM 203-602] Inlining function 'fp_struct<double>::__signbit' into 'hls::cast_IEEE754<long, (ap_q_mode)6, double>' (/wrk/2017.1/nightly/2017_04_14_1846317/src/products/hls/hls_lib/src/hls/hls_round.h:473) automatically.
INFO: [XFORM 203-602] Inlining function 'hls::cast_IEEE754<long, (ap_q_mode)6, double>' into 'hls::cast_IEEE754<long, double>' (/wrk/2017.1/nightly/2017_04_14_1846317/src/products/hls/hls_lib/src/hls/hls_round.h:523) automatically.
INFO: [XFORM 203-602] Inlining function 'hls::cast_IEEE754<long, double>' into '__hls_fptosi_double_i64' (/wrk/2017.1/nightly/2017_04_14_1846317/src/products/hls/hls_lib/src/lib_floatconversion.cpp:48) automatically.
INFO: [HLS 200-100] Command         transform returned 0; 1.96 sec.
INFO: [HLS 200-0] Checking Synthesizability 2/2..
INFO: [HLS 200-100] Execute         transform -syn-check /home/linsun/XilinxLab/zedAstroSim/zedAstroSim/solution1/.autopilot/db/a.g.2.prechk.bc -o /home/linsun/XilinxLab/zedAstroSim/zedAstroSim/solution1/.autopilot/db/a.g.2.bc -f -phase syn-check 
INFO: [HLS 200-100] Command         transform returned 0; 1.72 sec.
INFO: [HLS 200-111] Finished Checking Synthesizability Time (s): cpu = 00:02:12 ; elapsed = 00:01:43 . Memory (MB): peak = 1241.750 ; gain = 906.227 ; free physical = 1660 ; free virtual = 9868
INFO: [HLS 200-0] Compiler optimizing ...
INFO: [HLS 200-0] Share syncheck's 1.bc for syn flow: copy /home/linsun/XilinxLab/zedAstroSim/zedAstroSim/solution1/.autopilot/db/a.g.1.bc to /home/linsun/XilinxLab/zedAstroSim/zedAstroSim/solution1/.autopilot/db/a.o.1.bc
INFO: [HLS 200-0] Presyn 1...
INFO: [HLS 200-100] Execute         transform -hls -tmp /home/linsun/XilinxLab/zedAstroSim/zedAstroSim/solution1/.autopilot/db -interface-port-rename -type-info -function-uniquify -directive-preproc -mem2reg -dse -dce -disaggr -scalarrepl -norm-name -deadargelim -mem2reg -instcombine -dce -auto-rom-infer -dce -function-uniquify -resource-proc -simplifycfg -mem2reg -globaldce -resolve-double-ptr -dce -deadargelim -dce -instcombine -clib-intrinsic-prepare -dce -func-buffer -dce -array-normalize -func-legal -instcombine -gvn -constprop -dce -ptrArgReplace -mem2reg -instcombine -dce -array-seg-normalize -deadargelim -instcombine -dce -pointer-simplify -dce -port-alignment -dce -interface-preproc -data-pack -instcombine -dce -basicaa -aggr-aa -aggrmodref-aa -aggr-aa -gvn -gvn -basicaa -aggr-aa -aggrmodref-aa -aggr-aa -dse -adse -adce -loop-simplify -indvars -instcombine -gvn -loop-simplify -mem2reg -dce -simplifycfg -find-region -instcombine -auto-loop-pipeline -inst-simplify -interface-preproc -cfgopt -instcombine -indvars -auto-loop-unroll -loop-simplify -loop-bound -xunroll -constprop -instcombine -simplifycfg -indvars -simplifycfg -dce -globaldce -clean-region -attach-range -gvn -inst-simplify -constprop -simplifycfg -dce -pointer-simplify -dce -globalopt -constprop -dce -array-promote -constprop -instcombine -dce -ptrArgReplace -mem2reg -instcombine -simplifycfg -dce -auto-par -instcombine -dce -array-transform-check -array-reshape -instcombine -simplifycfg -dce -ptrArgReplace -deadargelim -mem2reg -instcombine -simplifycfg -dce -indvars -loop-simplify -loop-bound -xunroll -constprop -instcombine -simplifycfg -indvars -simplifycfg -dce -globaldce -duplicate-dataflow-processes -globaldce -instcombine -array-partition -instcombine -simplifycfg -dce -ptrArgReplace -global-constprop -deadargelim -mem2reg -func-legal -instcombine -dce -global-constprop -deadargelim -mem2reg -instcombine -simplifycfg -dce -globalopt -constprop -dce -array-promote -constprop -instcombine -dce -ptrArgReplace -mem2reg -instcombine -simplifycfg -dce -mem-intrinsic-preproc -dce -global-privatize -mem2reg -globaldce -promote-global-argument -ptrArgReplace -mem2reg -instcombine -dce -globalopt -mergereturn -simplify-global-access -mem2reg -dce -pointer-simplify -dce -functionattrs -basicaa -aggr-aa -aggrmodref-aa -aggr-aa -gvn -gvn -basicaa -aggr-aa -aggrmodref-aa -aggr-aa -dse -adse -adce -inst-simplify -dce -norm-name -function-inline -globaldce -func-inst -constprop -instcombine -simplifycfg -dce -func-legal -dce -loop-bound -arraycheck -bitwidthmin -on-by-dataflow -loop-delete -instcombine -simplifycfg -globaldce -dce -gvn -deadargelim -dce -loop-simplify -clean-region -simplifycfg -propagate-stable-arguments -loop-stream -instcombine -simplifycfg -dce -globaldce -stream-intrinsic-preproc -dce -check-ap-stream -loop-simplify -eliminate-keepreads -extract-dataflow-in-loop -loop-simplify -dce -gvn -deadargelim -dse -check-dataflow-syntax -legalize-stream-variable -legalize-global -extract-subproc -dce -dead-channel-elimination -canonicalize-gep -globaldce -dce -gvn -deadargelim -annotate-dataflow-channels -scalar-propagation -deadargelim -globaldce -mem2reg -check-dataflow-channels -function-stream -dce -globaldce -prop-fifo-spec -internal-stream-gen -canonicalize-gep -globaldce -dce -gvn -deadargelim -mergereturn -indvars -loop-simplify -instcombine -array-stream -array-seg-normalize -array-partition -func-legal -instcombine -simplifycfg -dce -bundle-memfifo-ops -deadargelim -function-uniquify -directive-preproc -mem2reg -dse -dce -group-axi-access -licm -simplifycfg -dce -loop-delete -norm-name /home/linsun/XilinxLab/zedAstroSim/zedAstroSim/solution1/.autopilot/db/a.o.1.bc -o /home/linsun/XilinxLab/zedAstroSim/zedAstroSim/solution1/.autopilot/db/a.o.1.tmp.bc -f 
INFO: [XFORM 203-502] Unrolling all sub-loops inside loop 'janus_loop' (zedAstroSim.cpp:63) in function 'janus_run' for pipelining.
INFO: [XFORM 203-501] Unrolling loop 'drift_loop' (zedAstroSim.cpp:67) in function 'janus_run' completely.
INFO: [XFORM 203-501] Unrolling loop 'gravity_loop' (zedAstroSim.cpp:80) in function 'janus_run' completely.
INFO: [XFORM 203-501] Unrolling loop 'gravity_inner_loop' (zedAstroSim.cpp:81) in function 'janus_run' completely.
INFO: [XFORM 203-501] Unrolling loop 'end_drift_loop' (zedAstroSim.cpp:110) in function 'janus_run' completely.
INFO: [XFORM 203-501] Unrolling loop 'output_loop' (zedAstroSim.cpp:117) in function 'janus_run' completely.
INFO: [XFORM 203-102] Partitioning array 'p' (zedAstroSim.cpp:62) automatically.
INFO: [XFORM 203-101] Partitioning array 'p'  in dimension 1 completely.
INFO: [XFORM 203-101] Partitioning array 'p_int'  in dimension 1 completely.
INFO: [XFORM 203-101] Partitioning array 'p_mass'  in dimension 1 completely.
INFO: [XFORM 203-602] Inlining function 'fp_struct<double>::mantissa' into 'hls::cast_IEEE754<long, (ap_q_mode)6, double>' (/wrk/2017.1/nightly/2017_04_14_1846317/src/products/hls/hls_lib/src/hls/hls_round.h:438) automatically.
INFO: [XFORM 203-602] Inlining function 'fp_struct<double>::expv' into 'hls::cast_IEEE754<long, (ap_q_mode)6, double>' (/wrk/2017.1/nightly/2017_04_14_1846317/src/products/hls/hls_lib/src/hls/hls_round.h:441) automatically.
INFO: [XFORM 203-602] Inlining function 'fp_struct<double>::__signbit' into 'hls::cast_IEEE754<long, (ap_q_mode)6, double>' (/wrk/2017.1/nightly/2017_04_14_1846317/src/products/hls/hls_lib/src/hls/hls_round.h:473) automatically.
INFO: [XFORM 203-602] Inlining function 'hls::cast_IEEE754<long, (ap_q_mode)6, double>' into 'hls::cast_IEEE754<long, double>' (/wrk/2017.1/nightly/2017_04_14_1846317/src/products/hls/hls_lib/src/hls/hls_round.h:523) automatically.
INFO: [XFORM 203-602] Inlining function 'hls::cast_IEEE754<long, double>' into '__hls_fptosi_double_i64' (/wrk/2017.1/nightly/2017_04_14_1846317/src/products/hls/hls_lib/src/lib_floatconversion.cpp:48) automatically.
INFO: [HLS 200-100] Command         transform returned 0; 3.91 sec.
INFO: [HLS 200-0] Presyn 2...
INFO: [HLS 200-100] Execute         transform -hls -keep-callgraph -scalarrepl -mem2reg -port-alignment -attach-range -dce -pipe-mux-gen -indvars -loop-bound -inst-simplify -instcombine -dce -merge-array-access -mem2reg -dce -clean-region -mergereturn -if-conv -instcombine -dce -constprop -basicaa -aggr-aa -aggrmodref-aa -aggr-aa -gvn -gvn -basicaa -aggr-aa -aggrmodref-aa -aggr-aa -dse -adse -adce -scalarrepl -mem2reg -global-constprop -deadargelim -deadargelim -instcombine -dce -simplifycfg -ptrArgReplace -mem2reg -function-inline -globaldce -mem2reg -instcombine -dce -expr-balance -instcombine -dce -bitwidthmin -interface-preproc -directive-preproc -inst-rectify -instcombine -dce -functionattrs -constprop -instcombine -bit-constprop -simplify-global-access -globalopt -globaldce -inst-simplify -instcombine -elimdeaddata -dce -loop-delete -simplifycfg -loop-simplify -auto-burst -norm-name /home/linsun/XilinxLab/zedAstroSim/zedAstroSim/solution1/.autopilot/db/a.o.1.tmp.bc -o /home/linsun/XilinxLab/zedAstroSim/zedAstroSim/solution1/.autopilot/db/a.o.2.bc -f -phase presyn 
INFO: [HLS 200-100] Command         transform returned 0; 4.99 sec.
INFO: [HLS 200-100] Execute         disassemble /home/linsun/XilinxLab/zedAstroSim/zedAstroSim/solution1/.autopilot/db/a.o.2 /home/linsun/XilinxLab/zedAstroSim/zedAstroSim/solution1/.autopilot/db/a.o.2 
INFO: [HLS 200-100] Execute           is_encrypted /home/linsun/XilinxLab/zedAstroSim/zedAstroSim/solution1/.autopilot/db/a.o.2.bc 
INFO: [HLS 200-100] Command           is_encrypted returned 0; 0 sec.
INFO: [HLS 200-100] Command         disassemble returned 0; 2.08 sec.
INFO: [HLS 200-111] Finished Pre-synthesis Time (s): cpu = 00:02:21 ; elapsed = 00:01:54 . Memory (MB): peak = 1689.746 ; gain = 1354.223 ; free physical = 1015 ; free virtual = 9442
INFO: [HLS 200-0] Building ssdm...
INFO: [HLS 200-100] Execute         transform -hls -function-uniquify -auto-function-inline -globaldce -ptrArgReplace -mem2reg -instcombine -dce -reset-lda -loop-simplify -indvars -licm -loop-dep -loop-bound -licm -loop-simplify -flattenloopnest -array-flatten -gvn -instcombine -dce -array-map -dce -func-legal -gvn -adce -instcombine -cfgopt -simplifycfg -loop-simplify -array-burst -promote-global-argument -dce -axi4-lower -array-seg-normalize -basicaa -aggrmodref-aa -globalsmodref-aa -aggr-aa -gvn -gvn -basicaa -aggrmodref-aa -globalsmodref-aa -aggr-aa -dse -adse -adce -licm -inst-simplify -dce -globaldce -instcombine -array-stream -eliminate-keepreads -instcombine -dce -deadargelim -doublePtrSimplify -doublePtrElim -dce -doublePtrSimplify -promote-dbg-pointer -dce -scalarrepl -mem2reg -disaggr -norm-name -mem2reg -instcombine -dse -adse -adce -ptrLegalization -dce -auto-rom-infer -array-flatten -dce -instcombine -loop-rot -constprop -cfgopt -simplifycfg -loop-simplify -indvars -pointer-simplify -dce -loop-bound -loop-simplify -loop-preproc -constprop -global-constprop -gvn -mem2reg -instcombine -dce -loop-bound -loop-merge -dce -bitwidthmin -deadargelim -dce -canonicalize-dataflow -dce -scalar-propagation -deadargelim -globaldce -mem2reg -interface-preproc -interface-gen -deadargelim -directive-preproc -inst-simplify -dce -gvn -mem2reg -instcombine -dce -adse -loop-bound -instcombine -cfgopt -simplifycfg -loop-simplify -clean-region -io-protocol -find-region -mem2reg -bitop-raise -inst-simplify -inst-rectify -instcombine -adce -deadargelim -loop-simplify -phi-opt -bitop-raise -cfgopt -simplifycfg -strip-dead-prototypes -interface-lower -bitop-lower -intrinsic-lower -auto-function-inline -basicaa -aggrmodref-aa -globalsmodref-aa -aggr-aa -inst-simplify -simplifycfg -loop-simplify -mergereturn -inst-simplify -inst-rectify -dce -bitop-lower -loop-rewind -pointer-simplify -dce -cfgopt -read-loop-dep -dce -bitwidth -loop-dep -norm-name -legalize -validate-dataflow -cdfg-build /home/linsun/XilinxLab/zedAstroSim/zedAstroSim/solution1/.autopilot/db/a.o.2.bc -o /home/linsun/XilinxLab/zedAstroSim/zedAstroSim/solution1/.autopilot/db/a.o.3.bc -f -phase build-ssdm 
WARNING: [XFORM 203-631] Renaming function '__hls_fptosi_double_i64' (/wrk/2017.1/nightly/2017_04_14_1846317/src/products/hls/hls_lib/src/lib_floatconversion.cpp:48:56) into __hls_fptosi_double_.
INFO: [HLS 200-100] Command         transform returned 0; 5.43 sec.
INFO: [HLS 200-100] Execute         disassemble /home/linsun/XilinxLab/zedAstroSim/zedAstroSim/solution1/.autopilot/db/a.o.3 /home/linsun/XilinxLab/zedAstroSim/zedAstroSim/solution1/.autopilot/db/a.o.3 
INFO: [HLS 200-100] Execute           is_encrypted /home/linsun/XilinxLab/zedAstroSim/zedAstroSim/solution1/.autopilot/db/a.o.3.bc 
INFO: [HLS 200-100] Command           is_encrypted returned 0; 0 sec.
INFO: [HLS 200-100] Command         disassemble returned 0; 1.09 sec.
INFO: [HLS 200-111] Finished Architecture Synthesis Time (s): cpu = 00:02:27 ; elapsed = 00:02:00 . Memory (MB): peak = 1852.668 ; gain = 1517.145 ; free physical = 715 ; free virtual = 9197
INFO: [HLS 200-0] Finish building internal data model.
INFO: [HLS 200-100] Command       opt_and_import_c returned 0; 40.14 sec.
INFO: [HLS 200-100] Command     elaborate returned 0; 118.96 sec.
INFO: [HLS 200-100] Execute     autosyn 
INFO: [HLS 200-10] Starting hardware synthesis ...
INFO: [HLS 200-0] Synthesizing C/C++ design ...
INFO: [HLS 200-10] Synthesizing 'astroSim' ...
INFO: [HLS 200-100] Execute       ap_set_top_model astroSim 
WARNING: [SYN 201-103] Legalizing function name '__hls_fptosi_double_' to 'p_hls_fptosi_double_s'.
INFO: [HLS 200-100] Command       ap_set_top_model returned 0; 0 sec.
INFO: [HLS 200-100] Execute       get_model_list astroSim -filter all-wo-channel -topdown 
INFO: [HLS 200-100] Command       get_model_list returned 0; 0 sec.
INFO: [HLS 200-100] Execute       preproc_iomode -model astroSim 
INFO: [HLS 200-100] Command       preproc_iomode returned 0; 0 sec.
INFO: [HLS 200-100] Execute       preproc_iomode -model janus_run 
INFO: [HLS 200-100] Command       preproc_iomode returned 0; 0 sec.
INFO: [HLS 200-100] Execute       preproc_iomode -model __hls_fptosi_double_ 
INFO: [HLS 200-100] Command       preproc_iomode returned 0; 0 sec.
INFO: [HLS 200-100] Execute       get_model_list astroSim -filter all-wo-channel 
INFO: [HLS 200-100] Command       get_model_list returned 0; 0 sec.
INFO: [HLS 200-0] Model list for configure: __hls_fptosi_double_ janus_run astroSim
INFO: [HLS 200-0] Configuring Module : __hls_fptosi_double_ ...
INFO: [HLS 200-100] Execute       set_default_model __hls_fptosi_double_ 
INFO: [HLS 200-100] Command       set_default_model returned 0; 0 sec.
INFO: [HLS 200-100] Execute       apply_spec_resource_limit __hls_fptosi_double_ 
INFO: [HLS 200-100] Command       apply_spec_resource_limit returned 0; 0 sec.
INFO: [HLS 200-0] Configuring Module : janus_run ...
INFO: [HLS 200-100] Execute       set_default_model janus_run 
INFO: [HLS 200-100] Command       set_default_model returned 0; 0 sec.
INFO: [HLS 200-100] Execute       apply_spec_resource_limit janus_run 
INFO: [HLS 200-100] Command       apply_spec_resource_limit returned 0; 0 sec.
INFO: [HLS 200-0] Configuring Module : astroSim ...
INFO: [HLS 200-100] Execute       set_default_model astroSim 
INFO: [HLS 200-100] Command       set_default_model returned 0; 0 sec.
INFO: [HLS 200-100] Execute       apply_spec_resource_limit astroSim 
INFO: [HLS 200-100] Command       apply_spec_resource_limit returned 0; 0 sec.
INFO: [HLS 200-0] Model list for preprocess: __hls_fptosi_double_ janus_run astroSim
INFO: [HLS 200-0] Preprocessing Module: __hls_fptosi_double_ ...
INFO: [HLS 200-100] Execute       set_default_model __hls_fptosi_double_ 
INFO: [HLS 200-100] Command       set_default_model returned 0; 0 sec.
INFO: [HLS 200-100] Execute       cdfg_preprocess -model __hls_fptosi_double_ 
INFO: [HLS 200-100] Command       cdfg_preprocess returned 0; 0.01 sec.
INFO: [HLS 200-100] Execute       rtl_gen_preprocess __hls_fptosi_double_ 
INFO: [HLS 200-100] Command       rtl_gen_preprocess returned 0; 0 sec.
INFO: [HLS 200-0] Preprocessing Module: janus_run ...
INFO: [HLS 200-100] Execute       set_default_model janus_run 
INFO: [HLS 200-100] Command       set_default_model returned 0; 0 sec.
INFO: [HLS 200-100] Execute       cdfg_preprocess -model janus_run 
WARNING: [SYN 201-303] Cannot apply functional unit assignment of 'dmul' (zedAstroSim.cpp:97) on 'bitcast' operation ('tmp_107_1', zedAstroSim.cpp:96) due to incompatible operation sets.
WARNING: [SYN 201-303] Cannot apply functional unit assignment of 'dmul' (zedAstroSim.cpp:97) on 'bitcast' operation ('tmp_107_2', zedAstroSim.cpp:96) due to incompatible operation sets.
WARNING: [SYN 201-303] Cannot apply functional unit assignment of 'dmul' (zedAstroSim.cpp:97) on 'bitcast' operation ('tmp_107_3', zedAstroSim.cpp:96) due to incompatible operation sets.
WARNING: [SYN 201-303] Cannot apply functional unit assignment of 'dmul' (zedAstroSim.cpp:97) on 'bitcast' operation ('tmp_107_4', zedAstroSim.cpp:96) due to incompatible operation sets.
WARNING: [SYN 201-303] Cannot apply functional unit assignment of 'dmul' (zedAstroSim.cpp:97) on 'bitcast' operation ('tmp_107_5', zedAstroSim.cpp:96) due to incompatible operation sets.
WARNING: [SYN 201-303] Cannot apply functional unit assignment of 'dmul' (zedAstroSim.cpp:97) on 'bitcast' operation ('tmp_107_6', zedAstroSim.cpp:96) due to incompatible operation sets.
WARNING: [SYN 201-303] Cannot apply functional unit assignment of 'dmul' (zedAstroSim.cpp:97) on 'bitcast' operation ('tmp_107_7', zedAstroSim.cpp:96) due to incompatible operation sets.
WARNING: [SYN 201-303] Cannot apply functional unit assignment of 'dmul' (zedAstroSim.cpp:97) on 'bitcast' operation ('tmp_107_8', zedAstroSim.cpp:96) due to incompatible operation sets.
INFO: [HLS 200-100] Command       cdfg_preprocess returned 0; 0.04 sec.
INFO: [HLS 200-100] Execute       rtl_gen_preprocess janus_run 
INFO: [HLS 200-100] Command       rtl_gen_preprocess returned 0; 0 sec.
INFO: [HLS 200-0] Preprocessing Module: astroSim ...
INFO: [HLS 200-100] Execute       set_default_model astroSim 
INFO: [HLS 200-100] Command       set_default_model returned 0; 0 sec.
INFO: [HLS 200-100] Execute       cdfg_preprocess -model astroSim 
INFO: [HLS 200-100] Command       cdfg_preprocess returned 0; 0 sec.
INFO: [HLS 200-100] Execute       rtl_gen_preprocess astroSim 
INFO: [HLS 200-100] Command       rtl_gen_preprocess returned 0; 0 sec.
INFO: [HLS 200-0] Model list for synthesis: __hls_fptosi_double_ janus_run astroSim
INFO: [HLS 200-10] ----------------------------------------------------------------
INFO: [HLS 200-10] -- Implementing module 'p_hls_fptosi_double_s' 
INFO: [HLS 200-10] ----------------------------------------------------------------
INFO: [HLS 200-100] Execute       set_default_model __hls_fptosi_double_ 
INFO: [HLS 200-100] Command       set_default_model returned 0; 0 sec.
INFO: [HLS 200-100] Execute       schedule -model __hls_fptosi_double_ 
INFO: [SCHED 204-11] Starting scheduling ...
INFO: [SCHED 204-61] Pipelining function '__hls_fptosi_double_'.
INFO: [SCHED 204-61] Pipelining result: Target II: 1, Final II: 1, Depth: 1.
INFO: [SCHED 204-11] Finished scheduling.
INFO: [HLS 200-100] Command       schedule returned 0; 0.06 sec.
INFO: [HLS 200-111]  Elapsed time: 120.58 seconds; current allocated memory: 1.329 GB.
INFO: [HLS 200-100] Execute       report -o /home/linsun/XilinxLab/zedAstroSim/zedAstroSim/solution1/.autopilot/db/p_hls_fptosi_double_s.verbose.sched.rpt -verbose -f 
INFO: [HLS 200-100] Command       report returned 0; 0.01 sec.
INFO: [HLS 200-100] Execute       db_write -o /home/linsun/XilinxLab/zedAstroSim/zedAstroSim/solution1/.autopilot/db/p_hls_fptosi_double_s.sched.adb -f 
INFO: [HLS 200-100] Command       db_write returned 0; 0 sec.
INFO: [HLS 200-0] Finish scheduling __hls_fptosi_double_.
INFO: [HLS 200-100] Execute       set_default_model __hls_fptosi_double_ 
INFO: [HLS 200-100] Command       set_default_model returned 0; 0 sec.
INFO: [HLS 200-100] Execute       bind -model __hls_fptosi_double_ 
INFO: [BIND 205-110] clear=
INFO: [BIND 205-110] debug=
INFO: [BIND 205-110] drf=
INFO: [BIND 205-110] effort=
INFO: [BIND 205-110] fast_refine=
INFO: [BIND 205-110] fu_weight=[ 0.0 -- 1.0 ]
INFO: [BIND 205-110] global_opt=
INFO: [BIND 205-110] gsearch=
INFO: [BIND 205-110] help=
INFO: [BIND 205-110] help-hidden=
INFO: [BIND 205-110] min_mem_port=
INFO: [BIND 205-110] min_op=
INFO: [BIND 205-110] minreg=
INFO: [BIND 205-110] ml=
INFO: [BIND 205-110] model=__hls_fptosi_double_
INFO: [BIND 205-110] no_false_path=
INFO: [BIND 205-110] no_min_op=
INFO: [BIND 205-110] normalize=
INFO: [BIND 205-110] quiet=
INFO: [BIND 205-110] refine=
INFO: [BIND 205-110] reg_weight=[ 0.0 -- 1.0 ]
INFO: [BIND 205-110] search=
INFO: [BIND 205-110] tight_delay=
INFO: [BIND 205-110] verbose=
INFO: [BIND 205-110] wFF=
INFO: [BIND 205-110] wFU=
INFO: [BIND 205-110] wMUX=
INFO: [BIND 205-110] wNET=
INFO: [BIND 205-100] Starting micro-architecture generation ...
INFO: [BIND 205-101] Performing variable lifetime analysis.
INFO: [BIND 205-101] Exploring resource sharing.
INFO: [BIND 205-101] Binding ...
INFO: [BIND 205-100] Finished micro-architecture generation.
INFO: [HLS 200-100] Command       bind returned 0; 0.01 sec.
INFO: [HLS 200-111]  Elapsed time: 0.05 seconds; current allocated memory: 1.329 GB.
INFO: [HLS 200-100] Execute       report -o /home/linsun/XilinxLab/zedAstroSim/zedAstroSim/solution1/.autopilot/db/p_hls_fptosi_double_s.verbose.bind.rpt -verbose -f 
INFO: [HLS 200-100] Command       report returned 0; 0.01 sec.
INFO: [HLS 200-100] Execute       db_write -o /home/linsun/XilinxLab/zedAstroSim/zedAstroSim/solution1/.autopilot/db/p_hls_fptosi_double_s.bind.adb -f 
INFO: [HLS 200-100] Command       db_write returned 0; 0.01 sec.
INFO: [HLS 200-0] Finish binding __hls_fptosi_double_.
INFO: [HLS 200-10] ----------------------------------------------------------------
INFO: [HLS 200-10] -- Implementing module 'janus_run' 
INFO: [HLS 200-10] ----------------------------------------------------------------
INFO: [HLS 200-100] Execute       set_default_model janus_run 
INFO: [HLS 200-100] Command       set_default_model returned 0; 0 sec.
INFO: [HLS 200-100] Execute       schedule -model janus_run 
INFO: [SCHED 204-11] Starting scheduling ...
INFO: [SCHED 204-61] Pipelining loop 'janus_loop'.
WARNING: [SCHED 204-68] Unable to enforce a carried dependence constraint (II = 1, distance = 1, offset = 1)
   between 'store' operation (zedAstroSim.cpp:104) of variable 'tmp_79_4', zedAstroSim.cpp:104 on global variable 'p_int_27' and 'load' operation ('p_int_27_load_1', zedAstroSim.cpp:68) on global variable 'p_int_27'.
WARNING: [SCHED 204-68] Unable to enforce a carried dependence constraint (II = 2, distance = 1, offset = 1)
   between 'store' operation (zedAstroSim.cpp:104) of variable 'tmp_79_4', zedAstroSim.cpp:104 on global variable 'p_int_27' and 'load' operation ('p_int_27_load_1', zedAstroSim.cpp:68) on global variable 'p_int_27'.
WARNING: [SCHED 204-68] Unable to enforce a carried dependence constraint (II = 3, distance = 1, offset = 1)
   between 'store' operation (zedAstroSim.cpp:104) of variable 'tmp_79_4', zedAstroSim.cpp:104 on global variable 'p_int_27' and 'load' operation ('p_int_27_load_1', zedAstroSim.cpp:68) on global variable 'p_int_27'.
WARNING: [SCHED 204-68] Unable to enforce a carried dependence constraint (II = 4, distance = 1, offset = 1)
   between 'store' operation (zedAstroSim.cpp:104) of variable 'tmp_79_4', zedAstroSim.cpp:104 on global variable 'p_int_27' and 'load' operation ('p_int_27_load_1', zedAstroSim.cpp:68) on global variable 'p_int_27'.
WARNING: [SCHED 204-68] Unable to enforce a carried dependence constraint (II = 67, distance = 1, offset = 1)
   between 'store' operation (zedAstroSim.cpp:104) of variable 'tmp_79_4', zedAstroSim.cpp:104 on global variable 'p_int_27' and 'load' operation ('p_int_27_load_1', zedAstroSim.cpp:68) on global variable 'p_int_27'.
WARNING: [SCHED 204-68] Unable to enforce a carried dependence constraint (II = 82, distance = 1, offset = 1)
   between 'store' operation (zedAstroSim.cpp:111) of variable 'tmp_174', zedAstroSim.cpp:111 on global variable 'p_int_0' and 'load' operation ('p_int_0_load_1', zedAstroSim.cpp:68) on global variable 'p_int_0'.
WARNING: [SCHED 204-68] Unable to enforce a carried dependence constraint (II = 84, distance = 1, offset = 1)
   between 'store' operation (zedAstroSim.cpp:111) of variable 'tmp_174', zedAstroSim.cpp:111 on global variable 'p_int_0' and 'load' operation ('p_int_0_load_1', zedAstroSim.cpp:68) on global variable 'p_int_0'.
INFO: [SCHED 204-61] Pipelining result: Target II: 1, Final II: 85, Depth: 94.
WARNING: [SCHED 204-21] Estimated clock period (17.4ns) exceeds the target (target clock period: 10ns, clock uncertainty: 1.25ns, effective delay budget: 8.75ns).
WARNING: [SCHED 204-21] The critical path consists of the following:
	'dadd' operation ('tmp_104_0_1', zedAstroSim.cpp:91) (8.71 ns)
	'dadd' operation ('pre_sqrt_0_1', zedAstroSim.cpp:91) (8.71 ns)
INFO: [SCHED 204-11] Finished scheduling.
INFO: [HLS 200-100] Command       schedule returned 0; 55.21 sec.
INFO: [HLS 200-111]  Elapsed time: 55.26 seconds; current allocated memory: 1.339 GB.
INFO: [HLS 200-100] Execute       report -o /home/linsun/XilinxLab/zedAstroSim/zedAstroSim/solution1/.autopilot/db/janus_run.verbose.sched.rpt -verbose -f 
INFO: [HLS 200-100] Command       report returned 0; 1.05 sec.
INFO: [HLS 200-100] Execute       db_write -o /home/linsun/XilinxLab/zedAstroSim/zedAstroSim/solution1/.autopilot/db/janus_run.sched.adb -f 
INFO: [HLS 200-100] Command       db_write returned 0; 0.86 sec.
INFO: [HLS 200-0] Finish scheduling janus_run.
INFO: [HLS 200-100] Execute       set_default_model janus_run 
INFO: [HLS 200-100] Command       set_default_model returned 0; 0 sec.
INFO: [HLS 200-100] Execute       bind -model janus_run 
INFO: [BIND 205-110] clear=
INFO: [BIND 205-110] debug=
INFO: [BIND 205-110] drf=
INFO: [BIND 205-110] effort=
INFO: [BIND 205-110] fast_refine=
INFO: [BIND 205-110] fu_weight=[ 0.0 -- 1.0 ]
INFO: [BIND 205-110] global_opt=
INFO: [BIND 205-110] gsearch=
INFO: [BIND 205-110] help=
INFO: [BIND 205-110] help-hidden=
INFO: [BIND 205-110] min_mem_port=
INFO: [BIND 205-110] min_op=
INFO: [BIND 205-110] minreg=
INFO: [BIND 205-110] ml=
INFO: [BIND 205-110] model=janus_run
INFO: [BIND 205-110] no_false_path=
INFO: [BIND 205-110] no_min_op=
INFO: [BIND 205-110] normalize=
INFO: [BIND 205-110] quiet=
INFO: [BIND 205-110] refine=
INFO: [BIND 205-110] reg_weight=[ 0.0 -- 1.0 ]
INFO: [BIND 205-110] search=
INFO: [BIND 205-110] tight_delay=
INFO: [BIND 205-110] verbose=
INFO: [BIND 205-110] wFF=
INFO: [BIND 205-110] wFU=
INFO: [BIND 205-110] wMUX=
INFO: [BIND 205-110] wNET=
INFO: [BIND 205-100] Starting micro-architecture generation ...
INFO: [BIND 205-101] Performing variable lifetime analysis.
INFO: [BIND 205-101] Exploring resource sharing.
INFO: [BIND 205-101] Binding ...
INFO: [BIND 205-100] Finished micro-architecture generation.
INFO: [HLS 200-100] Command       bind returned 0; 1.01 sec.
INFO: [HLS 200-111]  Elapsed time: 2.94 seconds; current allocated memory: 1.356 GB.
INFO: [HLS 200-100] Execute       report -o /home/linsun/XilinxLab/zedAstroSim/zedAstroSim/solution1/.autopilot/db/janus_run.verbose.bind.rpt -verbose -f 
INFO: [HLS 200-100] Command       report returned 0; 1.77 sec.
INFO: [HLS 200-100] Execute       db_write -o /home/linsun/XilinxLab/zedAstroSim/zedAstroSim/solution1/.autopilot/db/janus_run.bind.adb -f 
INFO: [HLS 200-100] Command       db_write returned 0; 0.91 sec.
INFO: [HLS 200-0] Finish binding janus_run.
INFO: [HLS 200-10] ----------------------------------------------------------------
INFO: [HLS 200-10] -- Implementing module 'astroSim' 
INFO: [HLS 200-10] ----------------------------------------------------------------
INFO: [HLS 200-100] Execute       set_default_model astroSim 
INFO: [HLS 200-100] Command       set_default_model returned 0; 0 sec.
INFO: [HLS 200-100] Execute       schedule -model astroSim 
INFO: [SCHED 204-11] Starting scheduling ...
INFO: [SCHED 204-11] Finished scheduling.
INFO: [HLS 200-100] Command       schedule returned 0; 0 sec.
INFO: [HLS 200-111]  Elapsed time: 2.71 seconds; current allocated memory: 1.356 GB.
INFO: [HLS 200-100] Execute       report -o /home/linsun/XilinxLab/zedAstroSim/zedAstroSim/solution1/.autopilot/db/astroSim.verbose.sched.rpt -verbose -f 
INFO: [HLS 200-100] Command       report returned 0; 0 sec.
INFO: [HLS 200-100] Execute       db_write -o /home/linsun/XilinxLab/zedAstroSim/zedAstroSim/solution1/.autopilot/db/astroSim.sched.adb -f 
INFO: [HLS 200-100] Command       db_write returned 0; 0 sec.
INFO: [HLS 200-0] Finish scheduling astroSim.
INFO: [HLS 200-100] Execute       set_default_model astroSim 
INFO: [HLS 200-100] Command       set_default_model returned 0; 0 sec.
INFO: [HLS 200-100] Execute       bind -model astroSim 
INFO: [BIND 205-110] clear=
INFO: [BIND 205-110] debug=
INFO: [BIND 205-110] drf=
INFO: [BIND 205-110] effort=
INFO: [BIND 205-110] fast_refine=
INFO: [BIND 205-110] fu_weight=[ 0.0 -- 1.0 ]
INFO: [BIND 205-110] global_opt=
INFO: [BIND 205-110] gsearch=
INFO: [BIND 205-110] help=
INFO: [BIND 205-110] help-hidden=
INFO: [BIND 205-110] min_mem_port=
INFO: [BIND 205-110] min_op=
INFO: [BIND 205-110] minreg=
INFO: [BIND 205-110] ml=
INFO: [BIND 205-110] model=astroSim
INFO: [BIND 205-110] no_false_path=
INFO: [BIND 205-110] no_min_op=
INFO: [BIND 205-110] normalize=
INFO: [BIND 205-110] quiet=
INFO: [BIND 205-110] refine=
INFO: [BIND 205-110] reg_weight=[ 0.0 -- 1.0 ]
INFO: [BIND 205-110] search=
INFO: [BIND 205-110] tight_delay=
INFO: [BIND 205-110] verbose=
INFO: [BIND 205-110] wFF=
INFO: [BIND 205-110] wFU=
INFO: [BIND 205-110] wMUX=
INFO: [BIND 205-110] wNET=
INFO: [BIND 205-100] Starting micro-architecture generation ...
INFO: [BIND 205-101] Performing variable lifetime analysis.
INFO: [BIND 205-101] Exploring resource sharing.
INFO: [BIND 205-101] Binding ...
INFO: [BIND 205-100] Finished micro-architecture generation.
INFO: [HLS 200-100] Command       bind returned 0; 0.31 sec.
INFO: [HLS 200-111]  Elapsed time: 0.33 seconds; current allocated memory: 1.357 GB.
INFO: [HLS 200-100] Execute       report -o /home/linsun/XilinxLab/zedAstroSim/zedAstroSim/solution1/.autopilot/db/astroSim.verbose.bind.rpt -verbose -f 
INFO: [HLS 200-100] Command       report returned 0; 0.91 sec.
INFO: [HLS 200-100] Execute       db_write -o /home/linsun/XilinxLab/zedAstroSim/zedAstroSim/solution1/.autopilot/db/astroSim.bind.adb -f 
INFO: [HLS 200-100] Command       db_write returned 0; 0 sec.
INFO: [HLS 200-0] Finish binding astroSim.
INFO: [HLS 200-100] Execute       get_model_list astroSim -filter all-wo-channel 
INFO: [HLS 200-100] Command       get_model_list returned 0; 0 sec.
INFO: [HLS 200-0] Preprocessing for RTLGen ...
INFO: [HLS 200-100] Execute       rtl_gen_preprocess __hls_fptosi_double_ 
INFO: [HLS 200-100] Command       rtl_gen_preprocess returned 0; 0 sec.
INFO: [HLS 200-100] Execute       rtl_gen_preprocess janus_run 
INFO: [HLS 200-100] Command       rtl_gen_preprocess returned 0; 0 sec.
INFO: [HLS 200-100] Execute       rtl_gen_preprocess astroSim 
INFO: [HLS 200-100] Command       rtl_gen_preprocess returned 0; 0 sec.
INFO: [HLS 200-0] Model list for RTL generation: __hls_fptosi_double_ janus_run astroSim
INFO: [HLS 200-10] ----------------------------------------------------------------
INFO: [HLS 200-10] -- Generating RTL for module 'p_hls_fptosi_double_s' 
INFO: [HLS 200-10] ----------------------------------------------------------------
INFO: [HLS 200-100] Execute       create_rtl_model __hls_fptosi_double_ -vendor xilinx -mg_file /home/linsun/XilinxLab/zedAstroSim/zedAstroSim/solution1/.autopilot/db/p_hls_fptosi_double_s.compgen.tcl 
INFO: [RTGEN 206-100] Finished creating RTL model for 'p_hls_fptosi_double_s'.
INFO: [HLS 200-100] Command       create_rtl_model returned 0; 0.01 sec.
INFO: [HLS 200-111]  Elapsed time: 0.94 seconds; current allocated memory: 1.357 GB.
INFO: [HLS 200-100] Execute       source /home/linsun/XilinxLab/zedAstroSim/zedAstroSim/solution1/.autopilot/db/astroSim.rtl_wrap.cfg.tcl 
INFO: [HLS 200-100] Command       ap_source returned 0; 0 sec.
INFO: [HLS 200-100] Execute       gen_rtl __hls_fptosi_double_ -style xilinx -tracefl mytrace -tracefmt vcd -traceopt all -f -lang sc -o /home/linsun/XilinxLab/zedAstroSim/zedAstroSim/solution1/syn/systemc/p_hls_fptosi_double_s -synmodules __hls_fptosi_double_ janus_run astroSim 
INFO: [HLS 200-100] Command       gen_rtl returned 0; 0 sec.
INFO: [HLS 200-100] Execute       gen_rtl __hls_fptosi_double_ -style xilinx -f -lang vhdl -o /home/linsun/XilinxLab/zedAstroSim/zedAstroSim/solution1/syn/vhdl/p_hls_fptosi_double_s 
INFO: [HLS 200-100] Command       gen_rtl returned 0; 0.01 sec.
INFO: [HLS 200-100] Execute       gen_rtl __hls_fptosi_double_ -style xilinx -f -lang vlog -o /home/linsun/XilinxLab/zedAstroSim/zedAstroSim/solution1/syn/verilog/p_hls_fptosi_double_s 
INFO: [HLS 200-100] Command       gen_rtl returned 0; 0 sec.
INFO: [HLS 200-100] Execute       gen_tb_info __hls_fptosi_double_ -o /home/linsun/XilinxLab/zedAstroSim/zedAstroSim/solution1/.autopilot/db/p_hls_fptosi_double_s -p /home/linsun/XilinxLab/zedAstroSim/zedAstroSim/solution1/.autopilot/db 
INFO: [HLS 200-100] Command       gen_tb_info returned 0; 0 sec.
INFO: [HLS 200-100] Execute       report -model __hls_fptosi_double_ -o /home/linsun/XilinxLab/zedAstroSim/zedAstroSim/solution1/syn/report/p_hls_fptosi_double_s_csynth.rpt -f 
INFO: [HLS 200-100] Command       report returned 0; 0 sec.
INFO: [HLS 200-100] Execute       report -model __hls_fptosi_double_ -o /home/linsun/XilinxLab/zedAstroSim/zedAstroSim/solution1/syn/report/p_hls_fptosi_double_s_csynth.xml -f -x 
INFO: [HLS 200-100] Command       report returned 0; 0.01 sec.
INFO: [HLS 200-100] Execute       report -model __hls_fptosi_double_ -o /home/linsun/XilinxLab/zedAstroSim/zedAstroSim/solution1/.autopilot/db/p_hls_fptosi_double_s.verbose.rpt -verbose -f 
INFO: [HLS 200-100] Command       report returned 0; 0.01 sec.
INFO: [HLS 200-100] Execute       db_write -model __hls_fptosi_double_ -o /home/linsun/XilinxLab/zedAstroSim/zedAstroSim/solution1/.autopilot/db/p_hls_fptosi_double_s.adb -f 
INFO: [HLS 200-100] Command       db_write returned 0; 0.01 sec.
INFO: [HLS 200-10] ----------------------------------------------------------------
INFO: [HLS 200-10] -- Generating RTL for module 'janus_run' 
INFO: [HLS 200-10] ----------------------------------------------------------------
INFO: [HLS 200-100] Execute       create_rtl_model janus_run -vendor xilinx -mg_file /home/linsun/XilinxLab/zedAstroSim/zedAstroSim/solution1/.autopilot/db/janus_run.compgen.tcl 
WARNING: [RTGEN 206-101] Register 'mul' is power-on initialization.
WARNING: [RTGEN 206-101] Register 'p_int_3' is power-on initialization.
WARNING: [RTGEN 206-101] Register 'p_int_0' is power-on initialization.
WARNING: [RTGEN 206-101] Register 'p_int_4' is power-on initialization.
WARNING: [RTGEN 206-101] Register 'p_int_1' is power-on initialization.
WARNING: [RTGEN 206-101] Register 'p_int_5' is power-on initialization.
WARNING: [RTGEN 206-101] Register 'p_int_2' is power-on initialization.
WARNING: [RTGEN 206-101] Register 'p_int_9' is power-on initialization.
WARNING: [RTGEN 206-101] Register 'p_int_6' is power-on initialization.
WARNING: [RTGEN 206-101] Register 'p_int_10' is power-on initialization.
WARNING: [RTGEN 206-101] Register 'p_int_7' is power-on initialization.
WARNING: [RTGEN 206-101] Register 'p_int_11' is power-on initialization.
WARNING: [RTGEN 206-101] Register 'p_int_8' is power-on initialization.
WARNING: [RTGEN 206-101] Register 'p_int_15' is power-on initialization.
WARNING: [RTGEN 206-101] Register 'p_int_12' is power-on initialization.
WARNING: [RTGEN 206-101] Register 'p_int_16' is power-on initialization.
WARNING: [RTGEN 206-101] Register 'p_int_13' is power-on initialization.
WARNING: [RTGEN 206-101] Register 'p_int_17' is power-on initialization.
WARNING: [RTGEN 206-101] Register 'p_int_14' is power-on initialization.
WARNING: [RTGEN 206-101] Register 'p_int_21' is power-on initialization.
WARNING: [RTGEN 206-101] Register 'p_int_18' is power-on initialization.
WARNING: [RTGEN 206-101] Register 'p_int_22' is power-on initialization.
WARNING: [RTGEN 206-101] Register 'p_int_19' is power-on initialization.
WARNING: [RTGEN 206-101] Register 'p_int_23' is power-on initialization.
WARNING: [RTGEN 206-101] Register 'p_int_20' is power-on initialization.
WARNING: [RTGEN 206-101] Register 'p_int_27' is power-on initialization.
WARNING: [RTGEN 206-101] Register 'p_int_24' is power-on initialization.
WARNING: [RTGEN 206-101] Register 'p_int_28' is power-on initialization.
WARNING: [RTGEN 206-101] Register 'p_int_25' is power-on initialization.
WARNING: [RTGEN 206-101] Register 'p_int_29' is power-on initialization.
WARNING: [RTGEN 206-101] Register 'p_int_26' is power-on initialization.
WARNING: [RTGEN 206-101] Register 'p_int_33' is power-on initialization.
WARNING: [RTGEN 206-101] Register 'p_int_30' is power-on initialization.
WARNING: [RTGEN 206-101] Register 'p_int_34' is power-on initialization.
WARNING: [RTGEN 206-101] Register 'p_int_31' is power-on initialization.
WARNING: [RTGEN 206-101] Register 'p_int_35' is power-on initialization.
WARNING: [RTGEN 206-101] Register 'p_int_32' is power-on initialization.
WARNING: [RTGEN 206-101] Register 'p_int_39' is power-on initialization.
WARNING: [RTGEN 206-101] Register 'p_int_36' is power-on initialization.
WARNING: [RTGEN 206-101] Register 'p_int_40' is power-on initialization.
WARNING: [RTGEN 206-101] Register 'p_int_37' is power-on initialization.
WARNING: [RTGEN 206-101] Register 'p_int_41' is power-on initialization.
WARNING: [RTGEN 206-101] Register 'p_int_38' is power-on initialization.
WARNING: [RTGEN 206-101] Register 'p_int_45' is power-on initialization.
WARNING: [RTGEN 206-101] Register 'p_int_42' is power-on initialization.
WARNING: [RTGEN 206-101] Register 'p_int_46' is power-on initialization.
WARNING: [RTGEN 206-101] Register 'p_int_43' is power-on initialization.
WARNING: [RTGEN 206-101] Register 'p_int_47' is power-on initialization.
WARNING: [RTGEN 206-101] Register 'p_int_44' is power-on initialization.
WARNING: [RTGEN 206-101] Register 'p_int_51' is power-on initialization.
WARNING: [RTGEN 206-101] Register 'p_int_48' is power-on initialization.
WARNING: [RTGEN 206-101] Register 'p_int_52' is power-on initialization.
WARNING: [RTGEN 206-101] Register 'p_int_49' is power-on initialization.
WARNING: [RTGEN 206-101] Register 'p_int_53' is power-on initialization.
WARNING: [RTGEN 206-101] Register 'p_int_50' is power-on initialization.
INFO: [SYN 201-210] Renamed object name 'astroSim_dadddsub_64ns_64ns_64_4_full_dsp' to 'astroSim_dadddsubbkb' due to the length limit 20
INFO: [SYN 201-210] Renamed object name 'astroSim_dsub_64ns_64ns_64_4_full_dsp' to 'astroSim_dsub_64ncud' due to the length limit 20
INFO: [SYN 201-210] Renamed object name 'astroSim_dmul_64ns_64ns_64_4_max_dsp' to 'astroSim_dmul_64ndEe' due to the length limit 20
INFO: [SYN 201-210] Renamed object name 'astroSim_sitodp_64ns_64_3' to 'astroSim_sitodp_6eOg' due to the length limit 20
INFO: [SYN 201-210] Renamed object name 'astroSim_dsqrt_64ns_64ns_64_14' to 'astroSim_dsqrt_64fYi' due to the length limit 20
INFO: [SYN 201-210] Renamed object name 'astroSim_drecip_64ns_64ns_64_7_full_dsp' to 'astroSim_drecip_6g8j' due to the length limit 20
INFO: [RTGEN 206-104] Estimated max fanout for 'janus_run' is 5120 from HDL expression: ((1'b1 == ap_enable_reg_pp0_iter0) & (1'b1 == ap_CS_fsm_pp0_stage24) & (ap_block_pp0_stage24_flag00000000 == 1'b0))
INFO: [RTGEN 206-100] Generating core module 'astroSim_dadddsubbkb': 23 instance(s).
INFO: [RTGEN 206-100] Generating core module 'astroSim_dmul_64ndEe': 36 instance(s).
INFO: [RTGEN 206-100] Generating core module 'astroSim_drecip_6g8j': 10 instance(s).
INFO: [RTGEN 206-100] Generating core module 'astroSim_dsqrt_64fYi': 11 instance(s).
INFO: [RTGEN 206-100] Generating core module 'astroSim_dsub_64ncud': 15 instance(s).
INFO: [RTGEN 206-100] Generating core module 'astroSim_sitodp_6eOg': 22 instance(s).
INFO: [RTGEN 206-100] Finished creating RTL model for 'janus_run'.
INFO: [HLS 200-100] Command       create_rtl_model returned 0; 1.53 sec.
INFO: [HLS 200-111]  Elapsed time: 1.6 seconds; current allocated memory: 1.368 GB.
INFO: [HLS 200-100] Execute       source /home/linsun/XilinxLab/zedAstroSim/zedAstroSim/solution1/.autopilot/db/astroSim.rtl_wrap.cfg.tcl 
INFO: [HLS 200-100] Command       ap_source returned 0; 0 sec.
INFO: [HLS 200-100] Execute       gen_rtl janus_run -style xilinx -tracefl mytrace -tracefmt vcd -traceopt all -f -lang sc -o /home/linsun/XilinxLab/zedAstroSim/zedAstroSim/solution1/syn/systemc/janus_run -synmodules __hls_fptosi_double_ janus_run astroSim 
INFO: [HLS 200-100] Command       gen_rtl returned 0; 0.04 sec.
INFO: [HLS 200-100] Execute       gen_rtl janus_run -style xilinx -f -lang vhdl -o /home/linsun/XilinxLab/zedAstroSim/zedAstroSim/solution1/syn/vhdl/janus_run 
INFO: [HLS 200-100] Command       gen_rtl returned 0; 0.03 sec.
INFO: [HLS 200-100] Execute       gen_rtl janus_run -style xilinx -f -lang vlog -o /home/linsun/XilinxLab/zedAstroSim/zedAstroSim/solution1/syn/verilog/janus_run 
INFO: [HLS 200-100] Command       gen_rtl returned 0; 0.04 sec.
INFO: [HLS 200-100] Execute       gen_tb_info janus_run -o /home/linsun/XilinxLab/zedAstroSim/zedAstroSim/solution1/.autopilot/db/janus_run -p /home/linsun/XilinxLab/zedAstroSim/zedAstroSim/solution1/.autopilot/db 
INFO: [HLS 200-100] Command       gen_tb_info returned 0; 0.27 sec.
INFO: [HLS 200-100] Execute       report -model janus_run -o /home/linsun/XilinxLab/zedAstroSim/zedAstroSim/solution1/syn/report/janus_run_csynth.rpt -f 
INFO: [HLS 200-100] Command       report returned 0; 0.28 sec.
INFO: [HLS 200-100] Execute       report -model janus_run -o /home/linsun/XilinxLab/zedAstroSim/zedAstroSim/solution1/syn/report/janus_run_csynth.xml -f -x 
INFO: [HLS 200-100] Command       report returned 0; 0.26 sec.
INFO: [HLS 200-100] Execute       report -model janus_run -o /home/linsun/XilinxLab/zedAstroSim/zedAstroSim/solution1/.autopilot/db/janus_run.verbose.rpt -verbose -f 
INFO: [HLS 200-100] Command       report returned 0; 2.08 sec.
INFO: [HLS 200-100] Execute       db_write -model janus_run -o /home/linsun/XilinxLab/zedAstroSim/zedAstroSim/solution1/.autopilot/db/janus_run.adb -f 
INFO: [HLS 200-100] Command       db_write returned 0; 1.19 sec.
INFO: [HLS 200-10] ----------------------------------------------------------------
INFO: [HLS 200-10] -- Generating RTL for module 'astroSim' 
INFO: [HLS 200-10] ----------------------------------------------------------------
INFO: [HLS 200-100] Execute       create_rtl_model astroSim -vendor xilinx -mg_file /home/linsun/XilinxLab/zedAstroSim/zedAstroSim/solution1/.autopilot/db/astroSim.compgen.tcl 
INFO: [RTGEN 206-500] Setting interface mode on port 'astroSim/result' to 'ap_memory'.
INFO: [RTGEN 206-500] Setting interface mode on function 'astroSim' to 'ap_ctrl_hs'.
WARNING: [RTGEN 206-101] Global scalar 'mul' will not be exposed as RTL port.
WARNING: [RTGEN 206-101] Global scalar 'p_int_3' will not be exposed as RTL port.
WARNING: [RTGEN 206-101] Global scalar 'p_int_0' will not be exposed as RTL port.
WARNING: [RTGEN 206-101] Global scalar 'p_int_4' will not be exposed as RTL port.
WARNING: [RTGEN 206-101] Global scalar 'p_int_1' will not be exposed as RTL port.
WARNING: [RTGEN 206-101] Global scalar 'p_int_5' will not be exposed as RTL port.
WARNING: [RTGEN 206-101] Global scalar 'p_int_2' will not be exposed as RTL port.
WARNING: [RTGEN 206-101] Global scalar 'p_int_9' will not be exposed as RTL port.
WARNING: [RTGEN 206-101] Global scalar 'p_int_6' will not be exposed as RTL port.
WARNING: [RTGEN 206-101] Global scalar 'p_int_10' will not be exposed as RTL port.
WARNING: [RTGEN 206-101] Global scalar 'p_int_7' will not be exposed as RTL port.
WARNING: [RTGEN 206-101] Global scalar 'p_int_11' will not be exposed as RTL port.
WARNING: [RTGEN 206-101] Global scalar 'p_int_8' will not be exposed as RTL port.
WARNING: [RTGEN 206-101] Global scalar 'p_int_15' will not be exposed as RTL port.
WARNING: [RTGEN 206-101] Global scalar 'p_int_12' will not be exposed as RTL port.
WARNING: [RTGEN 206-101] Global scalar 'p_int_16' will not be exposed as RTL port.
WARNING: [RTGEN 206-101] Global scalar 'p_int_13' will not be exposed as RTL port.
WARNING: [RTGEN 206-101] Global scalar 'p_int_17' will not be exposed as RTL port.
WARNING: [RTGEN 206-101] Global scalar 'p_int_14' will not be exposed as RTL port.
WARNING: [RTGEN 206-101] Global scalar 'p_int_21' will not be exposed as RTL port.
WARNING: [RTGEN 206-101] Global scalar 'p_int_18' will not be exposed as RTL port.
WARNING: [RTGEN 206-101] Global scalar 'p_int_22' will not be exposed as RTL port.
WARNING: [RTGEN 206-101] Global scalar 'p_int_19' will not be exposed as RTL port.
WARNING: [RTGEN 206-101] Global scalar 'p_int_23' will not be exposed as RTL port.
WARNING: [RTGEN 206-101] Global scalar 'p_int_20' will not be exposed as RTL port.
WARNING: [RTGEN 206-101] Global scalar 'p_int_27' will not be exposed as RTL port.
WARNING: [RTGEN 206-101] Global scalar 'p_int_24' will not be exposed as RTL port.
WARNING: [RTGEN 206-101] Global scalar 'p_int_28' will not be exposed as RTL port.
WARNING: [RTGEN 206-101] Global scalar 'p_int_25' will not be exposed as RTL port.
WARNING: [RTGEN 206-101] Global scalar 'p_int_29' will not be exposed as RTL port.
WARNING: [RTGEN 206-101] Global scalar 'p_int_26' will not be exposed as RTL port.
WARNING: [RTGEN 206-101] Global scalar 'p_int_33' will not be exposed as RTL port.
WARNING: [RTGEN 206-101] Global scalar 'p_int_30' will not be exposed as RTL port.
WARNING: [RTGEN 206-101] Global scalar 'p_int_34' will not be exposed as RTL port.
WARNING: [RTGEN 206-101] Global scalar 'p_int_31' will not be exposed as RTL port.
WARNING: [RTGEN 206-101] Global scalar 'p_int_35' will not be exposed as RTL port.
WARNING: [RTGEN 206-101] Global scalar 'p_int_32' will not be exposed as RTL port.
WARNING: [RTGEN 206-101] Global scalar 'p_int_39' will not be exposed as RTL port.
WARNING: [RTGEN 206-101] Global scalar 'p_int_36' will not be exposed as RTL port.
WARNING: [RTGEN 206-101] Global scalar 'p_int_40' will not be exposed as RTL port.
WARNING: [RTGEN 206-101] Global scalar 'p_int_37' will not be exposed as RTL port.
WARNING: [RTGEN 206-101] Global scalar 'p_int_41' will not be exposed as RTL port.
WARNING: [RTGEN 206-101] Global scalar 'p_int_38' will not be exposed as RTL port.
WARNING: [RTGEN 206-101] Global scalar 'p_int_45' will not be exposed as RTL port.
WARNING: [RTGEN 206-101] Global scalar 'p_int_42' will not be exposed as RTL port.
WARNING: [RTGEN 206-101] Global scalar 'p_int_46' will not be exposed as RTL port.
WARNING: [RTGEN 206-101] Global scalar 'p_int_43' will not be exposed as RTL port.
WARNING: [RTGEN 206-101] Global scalar 'p_int_47' will not be exposed as RTL port.
WARNING: [RTGEN 206-101] Global scalar 'p_int_44' will not be exposed as RTL port.
WARNING: [RTGEN 206-101] Global scalar 'p_int_51' will not be exposed as RTL port.
WARNING: [RTGEN 206-101] Global scalar 'p_int_48' will not be exposed as RTL port.
WARNING: [RTGEN 206-101] Global scalar 'p_int_52' will not be exposed as RTL port.
WARNING: [RTGEN 206-101] Global scalar 'p_int_49' will not be exposed as RTL port.
WARNING: [RTGEN 206-101] Global scalar 'p_int_53' will not be exposed as RTL port.
WARNING: [RTGEN 206-101] Global scalar 'p_int_50' will not be exposed as RTL port.
INFO: [RTGEN 206-100] Finished creating RTL model for 'astroSim'.
INFO: [HLS 200-100] Command       create_rtl_model returned 0; 0.02 sec.
INFO: [HLS 200-111]  Elapsed time: 4.54 seconds; current allocated memory: 1.401 GB.
INFO: [HLS 200-100] Execute       source /home/linsun/XilinxLab/zedAstroSim/zedAstroSim/solution1/.autopilot/db/astroSim.rtl_wrap.cfg.tcl 
INFO: [HLS 200-100] Command       ap_source returned 0; 0 sec.
INFO: [HLS 200-100] Execute       gen_rtl astroSim -istop -style xilinx -tracefl mytrace -tracefmt vcd -traceopt all -f -lang sc -o /home/linsun/XilinxLab/zedAstroSim/zedAstroSim/solution1/syn/systemc/astroSim -synmodules __hls_fptosi_double_ janus_run astroSim 
INFO: [HLS 200-100] Command       gen_rtl returned 0; 0 sec.
INFO: [HLS 200-100] Execute       gen_rtl astroSim -istop -style xilinx -f -lang vhdl -o /home/linsun/XilinxLab/zedAstroSim/zedAstroSim/solution1/syn/vhdl/astroSim 
INFO: [HLS 200-100] Command       gen_rtl returned 0; 0 sec.
INFO: [HLS 200-100] Execute       gen_rtl astroSim -istop -style xilinx -f -lang vlog -o /home/linsun/XilinxLab/zedAstroSim/zedAstroSim/solution1/syn/verilog/astroSim 
INFO: [HLS 200-100] Command       gen_rtl returned 0; 0 sec.
INFO: [HLS 200-100] Execute       export_constraint_db -o /home/linsun/XilinxLab/zedAstroSim/zedAstroSim/solution1/.autopilot/db/astroSim.constraint.tcl -f -tool general 
INFO: [HLS 200-100] Command       export_constraint_db returned 0; 0 sec.
INFO: [HLS 200-100] Execute       report -model astroSim -o /home/linsun/XilinxLab/zedAstroSim/zedAstroSim/solution1/.autopilot/db/astroSim.design.xml -verbose -f -dv 
INFO: [HLS 200-100] Command       report returned 0; 0.54 sec.
INFO: [HLS 200-100] Execute       report -model astroSim -o /home/linsun/XilinxLab/zedAstroSim/zedAstroSim/solution1/.autopilot/db/astroSim.sdaccel.xml -verbose -f -sdaccel 
INFO: [HLS 200-100] Command       report returned 0; 0 sec.
INFO: [HLS 200-100] Execute       gen_tb_info astroSim -o /home/linsun/XilinxLab/zedAstroSim/zedAstroSim/solution1/.autopilot/db/astroSim -p /home/linsun/XilinxLab/zedAstroSim/zedAstroSim/solution1/.autopilot/db 
INFO: [HLS 200-100] Command       gen_tb_info returned 0; 0 sec.
INFO: [HLS 200-100] Execute       report -model astroSim -o /home/linsun/XilinxLab/zedAstroSim/zedAstroSim/solution1/syn/report/astroSim_csynth.rpt -f 
INFO: [HLS 200-100] Command       report returned 0; 0 sec.
INFO: [HLS 200-100] Execute       report -model astroSim -o /home/linsun/XilinxLab/zedAstroSim/zedAstroSim/solution1/syn/report/astroSim_csynth.xml -f -x 
INFO: [HLS 200-100] Command       report returned 0; 0 sec.
INFO: [HLS 200-100] Execute       report -model astroSim -o /home/linsun/XilinxLab/zedAstroSim/zedAstroSim/solution1/.autopilot/db/astroSim.verbose.rpt -verbose -f 
INFO: [HLS 200-100] Command       report returned 0; 0.91 sec.
INFO: [HLS 200-100] Execute       db_write -model astroSim -o /home/linsun/XilinxLab/zedAstroSim/zedAstroSim/solution1/.autopilot/db/astroSim.adb -f 
INFO: [HLS 200-100] Command       db_write returned 0; 0 sec.
INFO: [HLS 200-100] Execute       sc_get_clocks astroSim 
INFO: [HLS 200-100] Command       sc_get_clocks returned 0; 0 sec.
INFO: [HLS 200-100] Execute       sc_get_portdomain astroSim 
INFO: [HLS 200-100] Command       sc_get_portdomain returned 0; 0 sec.
INFO: [HLS 200-0] Model list for RTL component generation: __hls_fptosi_double_ janus_run astroSim
INFO: [HLS 200-0] Handling components in module [p_hls_fptosi_double_s] ... 
INFO: [HLS 200-100] Execute       source /home/linsun/XilinxLab/zedAstroSim/zedAstroSim/solution1/.autopilot/db/p_hls_fptosi_double_s.compgen.tcl 
INFO: [HLS 200-100] Command       ap_source returned 0; 0 sec.
INFO: [HLS 200-0] Handling components in module [janus_run] ... 
INFO: [HLS 200-100] Execute       source /home/linsun/XilinxLab/zedAstroSim/zedAstroSim/solution1/.autopilot/db/janus_run.compgen.tcl 
INFO: [HLS 200-0] Found component astroSim_dadddsubbkb.
INFO: [HLS 200-0] Append model astroSim_dadddsubbkb
INFO: [HLS 200-0] Found component astroSim_dsub_64ncud.
INFO: [HLS 200-0] Append model astroSim_dsub_64ncud
INFO: [HLS 200-0] Found component astroSim_dmul_64ndEe.
INFO: [HLS 200-0] Append model astroSim_dmul_64ndEe
INFO: [HLS 200-0] Found component astroSim_sitodp_6eOg.
INFO: [HLS 200-0] Append model astroSim_sitodp_6eOg
INFO: [HLS 200-0] Found component astroSim_dsqrt_64fYi.
INFO: [HLS 200-0] Append model astroSim_dsqrt_64fYi
INFO: [HLS 200-0] Found component astroSim_drecip_6g8j.
INFO: [HLS 200-0] Append model astroSim_drecip_6g8j
INFO: [HLS 200-100] Command       ap_source returned 0; 0 sec.
INFO: [HLS 200-0] Handling components in module [astroSim] ... 
INFO: [HLS 200-100] Execute       source /home/linsun/XilinxLab/zedAstroSim/zedAstroSim/solution1/.autopilot/db/astroSim.compgen.tcl 
INFO: [HLS 200-100] Command       ap_source returned 0; 0 sec.
INFO: [HLS 200-0] Append model p_hls_fptosi_double_s
INFO: [HLS 200-0] Append model janus_run
INFO: [HLS 200-0] Append model astroSim
INFO: [HLS 200-0] Generating RTL model list ...
INFO: [HLS 200-0] All models in this session: astroSim_dadddsubbkb astroSim_dsub_64ncud astroSim_dmul_64ndEe astroSim_sitodp_6eOg astroSim_dsqrt_64fYi astroSim_drecip_6g8j p_hls_fptosi_double_s janus_run astroSim
INFO: [HLS 200-0] To file: write model astroSim_dadddsubbkb
INFO: [HLS 200-0] To file: write model astroSim_dsub_64ncud
INFO: [HLS 200-0] To file: write model astroSim_dmul_64ndEe
INFO: [HLS 200-0] To file: write model astroSim_sitodp_6eOg
INFO: [HLS 200-0] To file: write model astroSim_dsqrt_64fYi
INFO: [HLS 200-0] To file: write model astroSim_drecip_6g8j
INFO: [HLS 200-0] To file: write model p_hls_fptosi_double_s
INFO: [HLS 200-0] To file: write model janus_run
INFO: [HLS 200-0] To file: write model astroSim
INFO: [HLS 200-0] Finished generating RTL model list.


INFO: [HLS 200-0] RTL Generation done.
INFO: [HLS 200-0] CAS Generation done.
INFO: [HLS 200-0] CBC Generation done.
INFO: [HLS 200-100] Execute       export_ssdm /home/linsun/XilinxLab/zedAstroSim/zedAstroSim/solution1/.autopilot/db/a.export.ll 
INFO: [HLS 200-100] Command       export_ssdm returned 0; 0 sec.
INFO: [HLS 200-100] Execute       source /home/linsun/XilinxLab/zedAstroSim/zedAstroSim/solution1/.autopilot/db/global.setting.tcl 
INFO: [HLS 200-100] Command       ap_source returned 0; 0 sec.
INFO: [HLS 200-100] Execute       source /home/linsun/Xilinx/Vivado_HLS/2017.1/common/technology/generic/autopilot/common.gen 
INFO: [HLS 200-100] Execute         source /home/linsun/Xilinx/Vivado_HLS/2017.1/common/technology/generic/autopilot/APCoreGen.gen 
INFO: [HLS 200-100] Command         ap_source returned 0; 0 sec.
INFO: [HLS 200-100] Command       ap_source returned 0; 0 sec.
INFO: [HLS 200-100] Execute       source /home/linsun/Xilinx/Vivado_HLS/2017.1/common/technology/generic/autopilot/op.gen 
INFO: [HLS 200-100] Command       ap_source returned 0; 0 sec.
INFO: [HLS 200-100] Execute       source /home/linsun/Xilinx/Vivado_HLS/2017.1/common/technology/generic/autopilot/op_simcore.gen 
INFO: [HLS 200-100] Command       ap_source returned 0; 0 sec.
INFO: [HLS 200-100] Execute       source /home/linsun/Xilinx/Vivado_HLS/2017.1/common/technology/generic/autopilot/interface.gen 
INFO: [HLS 200-100] Command       ap_source returned 0; 0 sec.
INFO: [HLS 200-100] Execute       source /home/linsun/XilinxLab/zedAstroSim/zedAstroSim/solution1/.autopilot/db/global.setting.tcl 
INFO: [HLS 200-100] Command       ap_source returned 0; 0 sec.
INFO: [HLS 200-100] Execute       source /home/linsun/Xilinx/Vivado_HLS/2017.1/common/technology/xilinx/zynquplus/zynquplus.gen 
INFO: [HLS 200-100] Execute         source /home/linsun/Xilinx/Vivado_HLS/2017.1/common/technology/xilinx/common/virtex.gen 
INFO: [HLS 200-100] Execute           source /home/linsun/Xilinx/Vivado_HLS/2017.1/common/technology/xilinx/common/xilinx.gen 
INFO: [HLS 200-100] Execute             source /home/linsun/Xilinx/Vivado_HLS/2017.1/common/technology/xilinx/interface/plb46.gen 
INFO: [HLS 200-100] Command             ap_source returned 0; 0 sec.
INFO: [HLS 200-100] Execute             source /home/linsun/Xilinx/Vivado_HLS/2017.1/common/technology/xilinx/interface/fsl.gen 
INFO: [HLS 200-100] Command             ap_source returned 0; 0 sec.
INFO: [HLS 200-100] Execute             source /home/linsun/Xilinx/Vivado_HLS/2017.1/common/technology/xilinx/interface/axi4.gen 
INFO: [HLS 200-100] Command             ap_source returned 0; 0.01 sec.
INFO: [HLS 200-100] Execute             source /home/linsun/Xilinx/Vivado_HLS/2017.1/common/technology/xilinx/interface/nativeAXI4.gen 
INFO: [HLS 200-100] Execute               source /home/linsun/Xilinx/Vivado_HLS/2017.1/common/technology/xilinx/interface/saxilite.gen 
INFO: [HLS 200-100] Command               ap_source returned 0; 0 sec.
INFO: [HLS 200-100] Execute               source /home/linsun/Xilinx/Vivado_HLS/2017.1/common/technology/xilinx/interface/maxi.gen 
INFO: [HLS 200-100] Command               ap_source returned 0; 0 sec.
INFO: [HLS 200-100] Command             ap_source returned 0; 0 sec.
INFO: [HLS 200-100] Execute             source /home/linsun/Xilinx/Vivado_HLS/2017.1/common/technology/xilinx/scripts/xilinxcoregen.gen 
INFO: [HLS 200-100] Command             ap_source returned 0; 0.01 sec.
INFO: [HLS 200-100] Execute             source /home/linsun/Xilinx/Vivado_HLS/2017.1/common/technology/xilinx/interface/XilEDKCoreGen.gen 
INFO: [HLS 200-100] Command             ap_source returned 0; 0 sec.
INFO: [HLS 200-100] Execute             source /home/linsun/Xilinx/Vivado_HLS/2017.1/common/technology/xilinx/ip/xfir.gen 
INFO: [HLS 200-100] Command             ap_source returned 0; 0 sec.
INFO: [HLS 200-100] Execute             source /home/linsun/Xilinx/Vivado_HLS/2017.1/common/technology/xilinx/ip/dds_compiler.gen 
INFO: [HLS 200-100] Command             ap_source returned 0; 0 sec.
INFO: [HLS 200-100] Execute             source /home/linsun/Xilinx/Vivado_HLS/2017.1/common/technology/xilinx/ip/util.gen 
INFO: [HLS 200-100] Command             ap_source returned 0; 0 sec.
INFO: [HLS 200-100] Execute             source /home/linsun/Xilinx/Vivado_HLS/2017.1/common/technology/xilinx/ip/xfft.gen 
INFO: [HLS 200-100] Command             ap_source returned 0; 0.06 sec.
INFO: [HLS 200-100] Command           ap_source returned 0; 0.09 sec.
INFO: [HLS 200-100] Execute           source /home/linsun/Xilinx/Vivado_HLS/2017.1/common/technology/xilinx/common/dsp48.gen 
INFO: [HLS 200-100] Command           ap_source returned 0; 0 sec.
INFO: [HLS 200-100] Command         ap_source returned 0; 0.09 sec.
INFO: [HLS 200-100] Command       ap_source returned 0; 0.09 sec.
INFO: [HLS 200-100] Execute       source /home/linsun/Xilinx/Vivado_HLS/2017.1/common/technology/xilinx/zynquplus/zynquplus_fpv7.gen 
INFO: [HLS 200-100] Execute         source /home/linsun/Xilinx/Vivado_HLS/2017.1/common/technology/xilinx/common/xilinx_fpv6.gen 
INFO: [HLS 200-100] Command         ap_source returned 0; 0 sec.
INFO: [HLS 200-100] Command       ap_source returned 0; 0.01 sec.
INFO: [HLS 200-100] Execute       source /home/linsun/XilinxLab/zedAstroSim/zedAstroSim/solution1/.autopilot/db/global.setting.tcl 
INFO: [HLS 200-100] Command       ap_source returned 0; 0 sec.
INFO: [HLS 200-100] Execute       source /home/linsun/XilinxLab/zedAstroSim/zedAstroSim/solution1/.autopilot/db/global.setting.tcl 
INFO: [HLS 200-100] Command       ap_source returned 0; 0 sec.
INFO: [HLS 200-100] Execute       source /home/linsun/XilinxLab/zedAstroSim/zedAstroSim/solution1/.autopilot/db/global.setting.tcl 
INFO: [HLS 200-100] Command       ap_source returned 0; 0 sec.
INFO: [HLS 200-100] Execute       source /home/linsun/XilinxLab/zedAstroSim/zedAstroSim/solution1/.autopilot/db/global.setting.tcl 
INFO: [HLS 200-100] Command       ap_source returned 0; 0 sec.
INFO: [HLS 200-100] Execute       source /home/linsun/XilinxLab/zedAstroSim/zedAstroSim/solution1/.autopilot/db/p_hls_fptosi_double_s.compgen.tcl 
INFO: [HLS 200-100] Command       ap_source returned 0; 0 sec.
INFO: [HLS 200-100] Execute       source /home/linsun/XilinxLab/zedAstroSim/zedAstroSim/solution1/.autopilot/db/janus_run.compgen.tcl 
INFO: [HLS 200-100] Command       ap_source returned 0; 0.42 sec.
INFO: [HLS 200-100] Execute       source /home/linsun/XilinxLab/zedAstroSim/zedAstroSim/solution1/.autopilot/db/astroSim.compgen.tcl 
INFO: [HLS 200-100] Command       ap_source returned 0; 0 sec.
INFO: [HLS 200-111] Finished generating all RTL models Time (s): cpu = 00:03:33 ; elapsed = 00:03:11 . Memory (MB): peak = 1888.262 ; gain = 1552.738 ; free physical = 643 ; free virtual = 9175
INFO: [SYSC 207-301] Generating SystemC RTL for astroSim.
INFO: [VHDL 208-304] Generating VHDL RTL for astroSim.
INFO: [VLOG 209-307] Generating Verilog RTL for astroSim.
INFO: [HLS 200-100] Command     autosyn returned 0; 70.57 sec.
INFO: [HLS 200-100] Command   csynth_design returned 0; 189.53 sec.
INFO: [HLS 200-100] Command ap_source returned 0; 190.04 sec.
INFO: [HLS 200-100] Execute cleanup_all 
INFO: [HLS 200-100] Command cleanup_all returned 0; 0.12 sec.
